TMS320C2000 Assembler PC v6.4.2 Thu Dec 14 13:36:43 2017

Tools Copyright (c) 1996-2015 Texas Instruments Incorporated
DLOG_4CH_F.asm                                                       PAGE    1

       1              ;***************************************************************
       2              ;* TMS320C2000 C/C++ Codegen                         PC v6.4.2 *
       3              ;* Date/Time created: Thu Dec 14 13:36:43 2017                 *
       4              ;***************************************************************
       5                      .compiler_opts --cla_support=cla0 --float_support=fpu32 --hll_source=on --mem_model:code=flat --mem_m
       6        0002  FP      .set    XAR2
       7              
       8              $C$DW$CU        .dwtag  DW_TAG_compile_unit
       9                      .dwattr $C$DW$CU, DW_AT_name("../utility Src Files/DLOG_4CH_F.c")
      10                      .dwattr $C$DW$CU, DW_AT_producer("TI TMS320C2000 C/C++ Codegen PC v6.4.2 Copyright (c) 1996-2015 Texa
      11                      .dwattr $C$DW$CU, DW_AT_TI_version(0x01)
      12                      .dwattr $C$DW$CU, DW_AT_comp_dir("U:\02_MSE\MT\07_Software\CCS_workspace\DiffDrive_v0.93\F2837x_FLASH
      13              ;       C:\ti\ccsv6\tools\compiler\ti-cgt-c2000_6.4.2\bin\ac2000.exe -@C:\\Users\\ficm\\AppData\\Local\\Temp\
      14 00000000               .sect   ".text"
      15                      .clink
      16                      .global _DLOG_4CH_F_init
      17              
      18              $C$DW$1 .dwtag  DW_TAG_subprogram, DW_AT_name("DLOG_4CH_F_init")
      19                      .dwattr $C$DW$1, DW_AT_low_pc(_DLOG_4CH_F_init)
      20                      .dwattr $C$DW$1, DW_AT_high_pc(0x00)
      21                      .dwattr $C$DW$1, DW_AT_TI_symbol_name("_DLOG_4CH_F_init")
      22                      .dwattr $C$DW$1, DW_AT_external
      23                      .dwattr $C$DW$1, DW_AT_TI_begin_file("../utility Src Files/DLOG_4CH_F.c")
      24                      .dwattr $C$DW$1, DW_AT_TI_begin_line(0x07)
      25                      .dwattr $C$DW$1, DW_AT_TI_begin_column(0x06)
      26                      .dwattr $C$DW$1, DW_AT_TI_max_frame_size(-4)
      27                      .dwpsn  file "../utility Src Files/DLOG_4CH_F.c",line 8,column 1,is_stmt,address _DLOG_4CH_F_init,isa
      28              
      29                      .dwfde $C$DW$CIE, _DLOG_4CH_F_init
      30              $C$DW$2 .dwtag  DW_TAG_formal_parameter, DW_AT_name("v")
      31                      .dwattr $C$DW$2, DW_AT_TI_symbol_name("_v")
      32                      .dwattr $C$DW$2, DW_AT_type(*$C$DW$T$24)
      33                      .dwattr $C$DW$2, DW_AT_location[DW_OP_reg12]
      34              
      35              ;***************************************************************
      36              ;* FNAME: _DLOG_4CH_F_init              FR SIZE:   2           *
      37              ;*                                                             *
      38              ;* FUNCTION ENVIRONMENT                                        *
      39              ;*                                                             *
      40              ;* FUNCTION PROPERTIES                                         *
      41              ;*                            0 Parameter,  2 Auto,  0 SOE     *
      42              ;***************************************************************
      43              
      44 00000000       _DLOG_4CH_F_init:
      45                      .dwcfi  cfa_offset, -2
      46                      .dwcfi  save_reg_to_mem, 26, 0
      47 00000000 FE02          ADDB      SP,#2                 ; [CPU_U] 
      48                      .dwcfi  cfa_offset, -4
      49              $C$DW$3 .dwtag  DW_TAG_variable, DW_AT_name("v")
      50                      .dwattr $C$DW$3, DW_AT_TI_symbol_name("_v")
      51                      .dwattr $C$DW$3, DW_AT_type(*$C$DW$T$24)
      52                      .dwattr $C$DW$3, DW_AT_location[DW_OP_breg20 -2]
      53 00000001 A842          MOVL      *-SP[2],XAR4          ; [CPU_] |8| 
      54                      .dwpsn  file "../utility Src Files/DLOG_4CH_F.c",line 9,column 2,is_stmt,isa 0
      55 00000002 0200          MOVB      ACC,#0                ; [CPU_] |9| 
TMS320C2000 Assembler PC v6.4.2 Thu Dec 14 13:36:43 2017

Tools Copyright (c) 1996-2015 Texas Instruments Incorporated
DLOG_4CH_F.asm                                                       PAGE    2

      56 00000003 1EC4          MOVL      *+XAR4[0],ACC         ; [CPU_] |9| 
      57                      .dwpsn  file "../utility Src Files/DLOG_4CH_F.c",line 10,column 2,is_stmt,isa 0
      58 00000004 8A42          MOVL      XAR4,*-SP[2]          ; [CPU_] |10| 
      59 00000005 1ED4          MOVL      *+XAR4[2],ACC         ; [CPU_] |10| 
      60                      .dwpsn  file "../utility Src Files/DLOG_4CH_F.c",line 11,column 2,is_stmt,isa 0
      61 00000006 8A42          MOVL      XAR4,*-SP[2]          ; [CPU_] |11| 
      62 00000007 1EE4          MOVL      *+XAR4[4],ACC         ; [CPU_] |11| 
      63                      .dwpsn  file "../utility Src Files/DLOG_4CH_F.c",line 12,column 2,is_stmt,isa 0
      64 00000008 8A42          MOVL      XAR4,*-SP[2]          ; [CPU_] |12| 
      65 00000009 1EF4          MOVL      *+XAR4[6],ACC         ; [CPU_] |12| 
      66                      .dwpsn  file "../utility Src Files/DLOG_4CH_F.c",line 13,column 2,is_stmt,isa 0
      67 0000000a BE00          MOVB      XAR6,#0               ; [CPU_] |13| 
      68 0000000b 0208          MOVB      ACC,#8                ; [CPU_] |13| 
      69 0000000c 0742          ADDL      ACC,*-SP[2]           ; [CPU_] |13| 
      70 0000000d 8AA9          MOVL      XAR4,ACC              ; [CPU_] |13| 
      71 0000000e C2C4          MOVL      *+XAR4[0],XAR6        ; [CPU_] |13| 
      72                      .dwpsn  file "../utility Src Files/DLOG_4CH_F.c",line 14,column 2,is_stmt,isa 0
      73 0000000f 020A          MOVB      ACC,#10               ; [CPU_] |14| 
      74 00000010 0742          ADDL      ACC,*-SP[2]           ; [CPU_] |14| 
      75 00000011 8AA9          MOVL      XAR4,ACC              ; [CPU_] |14| 
      76 00000012 C2C4          MOVL      *+XAR4[0],XAR6        ; [CPU_] |14| 
      77                      .dwpsn  file "../utility Src Files/DLOG_4CH_F.c",line 15,column 2,is_stmt,isa 0
      78 00000013 020C          MOVB      ACC,#12               ; [CPU_] |15| 
      79 00000014 0742          ADDL      ACC,*-SP[2]           ; [CPU_] |15| 
      80 00000015 8AA9          MOVL      XAR4,ACC              ; [CPU_] |15| 
      81 00000016 C2C4          MOVL      *+XAR4[0],XAR6        ; [CPU_] |15| 
      82                      .dwpsn  file "../utility Src Files/DLOG_4CH_F.c",line 16,column 2,is_stmt,isa 0
      83 00000017 020E          MOVB      ACC,#14               ; [CPU_] |16| 
      84 00000018 0742          ADDL      ACC,*-SP[2]           ; [CPU_] |16| 
      85 00000019 8AA9          MOVL      XAR4,ACC              ; [CPU_] |16| 
      86 0000001a C2C4          MOVL      *+XAR4[0],XAR6        ; [CPU_] |16| 
      87                      .dwpsn  file "../utility Src Files/DLOG_4CH_F.c",line 17,column 2,is_stmt,isa 0
      88 0000001b 0210          MOVB      ACC,#16               ; [CPU_] |17| 
      89 0000001c 0742          ADDL      ACC,*-SP[2]           ; [CPU_] |17| 
      90 0000001d 8AA9          MOVL      XAR4,ACC              ; [CPU_] |17| 
      91 0000001e E590          ZERO      R0H                   ; [CPU_] |17| 
      92 0000001f E203          MOV32     *+XAR4[0],R0H         ; [CPU_] |17| 
         00000020 00C4 
      93                      .dwpsn  file "../utility Src Files/DLOG_4CH_F.c",line 18,column 2,is_stmt,isa 0
      94 00000021 0212          MOVB      ACC,#18               ; [CPU_] |18| 
      95 00000022 0742          ADDL      ACC,*-SP[2]           ; [CPU_] |18| 
      96 00000023 8AA9          MOVL      XAR4,ACC              ; [CPU_] |18| 
      97 00000024 E203          MOV32     *+XAR4[0],R0H         ; [CPU_] |18| 
         00000025 00C4 
      98                      .dwpsn  file "../utility Src Files/DLOG_4CH_F.c",line 19,column 2,is_stmt,isa 0
      99 00000026 0214          MOVB      ACC,#20               ; [CPU_] |19| 
     100 00000027 0742          ADDL      ACC,*-SP[2]           ; [CPU_] |19| 
     101 00000028 8AA9          MOVL      XAR4,ACC              ; [CPU_] |19| 
     102 00000029 2BC4          MOV       *+XAR4[0],#0          ; [CPU_] |19| 
     103                      .dwpsn  file "../utility Src Files/DLOG_4CH_F.c",line 20,column 2,is_stmt,isa 0
     104 0000002a 0215          MOVB      ACC,#21               ; [CPU_] |20| 
     105 0000002b 0742          ADDL      ACC,*-SP[2]           ; [CPU_] |20| 
     106 0000002c 8AA9          MOVL      XAR4,ACC              ; [CPU_] |20| 
     107 0000002d 2BC4          MOV       *+XAR4[0],#0          ; [CPU_] |20| 
     108                      .dwpsn  file "../utility Src Files/DLOG_4CH_F.c",line 21,column 2,is_stmt,isa 0
TMS320C2000 Assembler PC v6.4.2 Thu Dec 14 13:36:43 2017

Tools Copyright (c) 1996-2015 Texas Instruments Incorporated
DLOG_4CH_F.asm                                                       PAGE    3

     109 0000002e 0216          MOVB      ACC,#22               ; [CPU_] |21| 
     110 0000002f 0742          ADDL      ACC,*-SP[2]           ; [CPU_] |21| 
     111 00000030 8AA9          MOVL      XAR4,ACC              ; [CPU_] |21| 
     112 00000031 2BC4          MOV       *+XAR4[0],#0          ; [CPU_] |21| 
     113                      .dwpsn  file "../utility Src Files/DLOG_4CH_F.c",line 22,column 2,is_stmt,isa 0
     114 00000032 0217          MOVB      ACC,#23               ; [CPU_] |22| 
     115 00000033 0742          ADDL      ACC,*-SP[2]           ; [CPU_] |22| 
     116 00000034 8AA9          MOVL      XAR4,ACC              ; [CPU_] |22| 
     117 00000035 2BC4          MOV       *+XAR4[0],#0          ; [CPU_] |22| 
     118                      .dwpsn  file "../utility Src Files/DLOG_4CH_F.c",line 23,column 2,is_stmt,isa 0
     119 00000036 0218          MOVB      ACC,#24               ; [CPU_] |23| 
     120 00000037 0742          ADDL      ACC,*-SP[2]           ; [CPU_] |23| 
     121 00000038 8AA9          MOVL      XAR4,ACC              ; [CPU_] |23| 
     122 00000039 2BC4          MOV       *+XAR4[0],#0          ; [CPU_] |23| 
     123                      .dwpsn  file "../utility Src Files/DLOG_4CH_F.c",line 24,column 1,is_stmt,isa 0
     124 0000003a FE82          SUBB      SP,#2                 ; [CPU_U] 
     125                      .dwcfi  cfa_offset, -2
     126              $C$DW$4 .dwtag  DW_TAG_TI_branch
     127                      .dwattr $C$DW$4, DW_AT_low_pc(0x00)
     128                      .dwattr $C$DW$4, DW_AT_TI_return
     129 0000003b 0006          LRETR     ; [CPU_] 
     130                      ; return occurs ; [] 
     131                      .dwattr $C$DW$1, DW_AT_TI_end_file("../utility Src Files/DLOG_4CH_F.c")
     132                      .dwattr $C$DW$1, DW_AT_TI_end_line(0x18)
     133                      .dwattr $C$DW$1, DW_AT_TI_end_column(0x01)
     134                      .dwendentry
     135                      .dwendtag $C$DW$1
     136              
     137 0000003c               .sect   ".text"
     138                      .clink
     139                      .global _DLOG_4CH_F_FUNC
     140              
     141              $C$DW$5 .dwtag  DW_TAG_subprogram, DW_AT_name("DLOG_4CH_F_FUNC")
     142                      .dwattr $C$DW$5, DW_AT_low_pc(_DLOG_4CH_F_FUNC)
     143                      .dwattr $C$DW$5, DW_AT_high_pc(0x00)
     144                      .dwattr $C$DW$5, DW_AT_TI_symbol_name("_DLOG_4CH_F_FUNC")
     145                      .dwattr $C$DW$5, DW_AT_external
     146                      .dwattr $C$DW$5, DW_AT_TI_begin_file("../utility Src Files/DLOG_4CH_F.c")
     147                      .dwattr $C$DW$5, DW_AT_TI_begin_line(0x1b)
     148                      .dwattr $C$DW$5, DW_AT_TI_begin_column(0x06)
     149                      .dwattr $C$DW$5, DW_AT_TI_max_frame_size(-6)
     150                      .dwpsn  file "../utility Src Files/DLOG_4CH_F.c",line 28,column 1,is_stmt,address _DLOG_4CH_F_FUNC,is
     151              
     152                      .dwfde $C$DW$CIE, _DLOG_4CH_F_FUNC
     153              $C$DW$6 .dwtag  DW_TAG_formal_parameter, DW_AT_name("v")
     154                      .dwattr $C$DW$6, DW_AT_TI_symbol_name("_v")
     155                      .dwattr $C$DW$6, DW_AT_type(*$C$DW$T$24)
     156                      .dwattr $C$DW$6, DW_AT_location[DW_OP_reg12]
     157              
     158              ;***************************************************************
     159              ;* FNAME: _DLOG_4CH_F_FUNC              FR SIZE:   4           *
     160              ;*                                                             *
     161              ;* FUNCTION ENVIRONMENT                                        *
     162              ;*                                                             *
     163              ;* FUNCTION PROPERTIES                                         *
TMS320C2000 Assembler PC v6.4.2 Thu Dec 14 13:36:43 2017

Tools Copyright (c) 1996-2015 Texas Instruments Incorporated
DLOG_4CH_F.asm                                                       PAGE    4

     164              ;*                            2 Parameter,  2 Auto,  0 SOE     *
     165              ;***************************************************************
     166              
     167 0000003c       _DLOG_4CH_F_FUNC:
     168                      .dwcfi  cfa_offset, -2
     169                      .dwcfi  save_reg_to_mem, 26, 0
     170 0000003c FE04          ADDB      SP,#4                 ; [CPU_U] 
     171                      .dwcfi  cfa_offset, -6
     172              $C$DW$7 .dwtag  DW_TAG_variable, DW_AT_name("v")
     173                      .dwattr $C$DW$7, DW_AT_TI_symbol_name("_v")
     174                      .dwattr $C$DW$7, DW_AT_type(*$C$DW$T$24)
     175                      .dwattr $C$DW$7, DW_AT_location[DW_OP_breg20 -4]
     176 0000003d A844          MOVL      *-SP[4],XAR4          ; [CPU_] |28| 
     177                      .dwpsn  file "../utility Src Files/DLOG_4CH_F.c",line 29,column 2,is_stmt,isa 0
     178 0000003e FFEF          B         $C$L3,UNC             ; [CPU_] |29| 
         0000003f 008C 
     179                      ; branch occurs ; [] |29| 
     180 00000040       $C$L1:    
     181                      .dwpsn  file "../utility Src Files/DLOG_4CH_F.c",line 32,column 3,is_stmt,isa 0
     182 00000040 8344          MOVL      XAR5,*-SP[4]          ; [CPU_] |32| 
     183 00000041 0212          MOVB      ACC,#18               ; [CPU_] |32| 
     184 00000042 0744          ADDL      ACC,*-SP[4]           ; [CPU_] |32| 
     185 00000043 8AA9          MOVL      XAR4,ACC              ; [CPU_] |32| 
     186 00000044 83C5          MOVL      XAR5,*+XAR5[0]        ; [CPU_] |32| 
     187 00000045 E2AF          MOV32     R1H,*+XAR4[0]         ; [CPU_] |32| 
         00000046 01C4 
     188 00000047 E2AF          MOV32     R0H,*+XAR5[0]         ; [CPU_] |32| 
         00000048 00C5 
     189 00000049 E694          CMPF32    R0H,R1H               ; [CPU_] |32| 
         0000004a 0008 
     190 0000004b AD14          MOVST0    ZF, NF                ; [CPU_] |32| 
     191 0000004c 56C5          BF        $C$L4,LEQ             ; [CPU_] |32| 
         0000004d 0087 
     192                      ; branchcc occurs ; [] |32| 
     193 0000004e 0212          MOVB      ACC,#18               ; [CPU_] |32| 
     194 0000004f 0744          ADDL      ACC,*-SP[4]           ; [CPU_] |32| 
     195 00000050 8AA9          MOVL      XAR4,ACC              ; [CPU_] |32| 
     196 00000051 0210          MOVB      ACC,#16               ; [CPU_] |32| 
     197 00000052 E2AF          MOV32     R0H,*+XAR4[0]         ; [CPU_] |32| 
         00000053 00C4 
     198 00000054 0744          ADDL      ACC,*-SP[4]           ; [CPU_] |32| 
     199 00000055 8AA9          MOVL      XAR4,ACC              ; [CPU_] |32| 
     200 00000056 E2AF          MOV32     R1H,*+XAR4[0]         ; [CPU_] |32| 
         00000057 01C4 
     201 00000058 E694          CMPF32    R1H,R0H               ; [CPU_] |32| 
         00000059 0001 
     202 0000005a AD14          MOVST0    ZF, NF                ; [CPU_] |32| 
     203 0000005b 56C3          BF        $C$L4,GEQ             ; [CPU_] |32| 
         0000005c 0078 
     204                      ; branchcc occurs ; [] |32| 
     205                      .dwpsn  file "../utility Src Files/DLOG_4CH_F.c",line 35,column 4,is_stmt,isa 0
     206 0000005d 0214          MOVB      ACC,#20               ; [CPU_] |35| 
     207 0000005e 0744          ADDL      ACC,*-SP[4]           ; [CPU_] |35| 
     208 0000005f 8AA9          MOVL      XAR4,ACC              ; [CPU_] |35| 
     209 00000060 56BF          MOVB      *+XAR4[0],#2,UNC      ; [CPU_] |35| 
TMS320C2000 Assembler PC v6.4.2 Thu Dec 14 13:36:43 2017

Tools Copyright (c) 1996-2015 Texas Instruments Incorporated
DLOG_4CH_F.asm                                                       PAGE    5

         00000061 02C4 
     210                      .dwpsn  file "../utility Src Files/DLOG_4CH_F.c",line 37,column 3,is_stmt,isa 0
     211 00000062 6F71          B         $C$L4,UNC             ; [CPU_] |37| 
     212                      ; branch occurs ; [] |37| 
     213 00000063       $C$L2:    
     214                      .dwpsn  file "../utility Src Files/DLOG_4CH_F.c",line 39,column 3,is_stmt,isa 0
     215 00000063 0216          MOVB      ACC,#22               ; [CPU_] |39| 
     216 00000064 0744          ADDL      ACC,*-SP[4]           ; [CPU_] |39| 
     217 00000065 8AA9          MOVL      XAR4,ACC              ; [CPU_] |39| 
     218 00000066 0AC4          INC       *+XAR4[0]             ; [CPU_] |39| 
     219                      .dwpsn  file "../utility Src Files/DLOG_4CH_F.c",line 40,column 3,is_stmt,isa 0
     220 00000067 0215          MOVB      ACC,#21               ; [CPU_] |40| 
     221 00000068 0744          ADDL      ACC,*-SP[4]           ; [CPU_] |40| 
     222 00000069 8AA9          MOVL      XAR4,ACC              ; [CPU_] |40| 
     223 0000006a 88C4          MOVZ      AR6,*+XAR4[0]         ; [CPU_] |40| 
     224 0000006b 0216          MOVB      ACC,#22               ; [CPU_] |40| 
     225 0000006c 0744          ADDL      ACC,*-SP[4]           ; [CPU_] |40| 
     226 0000006d 8AA9          MOVL      XAR4,ACC              ; [CPU_] |40| 
     227 0000006e 92A6          MOV       AL,AR6                ; [CPU_] |40| 
     228 0000006f 54C4          CMP       AL,*+XAR4[0]          ; [CPU_] |40| 
     229 00000070 ED63          BF        $C$L4,NEQ             ; [CPU_] |40| 
     230                      ; branchcc occurs ; [] |40| 
     231                      .dwpsn  file "../utility Src Files/DLOG_4CH_F.c",line 42,column 4,is_stmt,isa 0
     232 00000071 0216          MOVB      ACC,#22               ; [CPU_] |42| 
     233 00000072 0744          ADDL      ACC,*-SP[4]           ; [CPU_] |42| 
     234 00000073 8AA9          MOVL      XAR4,ACC              ; [CPU_] |42| 
     235 00000074 2BC4          MOV       *+XAR4[0],#0          ; [CPU_] |42| 
     236                      .dwpsn  file "../utility Src Files/DLOG_4CH_F.c",line 43,column 4,is_stmt,isa 0
     237 00000075 0208          MOVB      ACC,#8                ; [CPU_] |43| 
     238 00000076 8344          MOVL      XAR5,*-SP[4]          ; [CPU_] |43| 
     239 00000077 0744          ADDL      ACC,*-SP[4]           ; [CPU_] |43| 
     240 00000078 1EA6          MOVL      XAR6,ACC              ; [CPU_] |43| 
     241 00000079 0218          MOVB      ACC,#24               ; [CPU_] |43| 
     242 0000007a 0744          ADDL      ACC,*-SP[4]           ; [CPU_] |43| 
     243 0000007b 8AA9          MOVL      XAR4,ACC              ; [CPU_] |43| 
     244 0000007c 83C5          MOVL      XAR5,*+XAR5[0]        ; [CPU_] |43| 
     245 0000007d 3B01          SETC      SXM                   ; [CPU_] 
     246 0000007e 5603          MOV       ACC,*+XAR4[0] << 1    ; [CPU_] |43| 
         0000007f 01C4 
     247 00000080 8AA6          MOVL      XAR4,XAR6             ; [CPU_] |43| 
     248 00000081 C5C5          MOVL      XAR7,*+XAR5[0]        ; [CPU_] |43| 
     249 00000082 07C4          ADDL      ACC,*+XAR4[0]         ; [CPU_] |43| 
     250 00000083 8AA9          MOVL      XAR4,ACC              ; [CPU_] |43| 
     251 00000084 C3C4          MOVL      *+XAR4[0],XAR7        ; [CPU_] |43| 
     252                      .dwpsn  file "../utility Src Files/DLOG_4CH_F.c",line 44,column 4,is_stmt,isa 0
     253 00000085 020A          MOVB      ACC,#10               ; [CPU_] |44| 
     254 00000086 8344          MOVL      XAR5,*-SP[4]          ; [CPU_] |44| 
     255 00000087 0744          ADDL      ACC,*-SP[4]           ; [CPU_] |44| 
     256 00000088 1EA6          MOVL      XAR6,ACC              ; [CPU_] |44| 
     257 00000089 0218          MOVB      ACC,#24               ; [CPU_] |44| 
     258 0000008a 0744          ADDL      ACC,*-SP[4]           ; [CPU_] |44| 
     259 0000008b 8AA9          MOVL      XAR4,ACC              ; [CPU_] |44| 
     260 0000008c 83D5          MOVL      XAR5,*+XAR5[2]        ; [CPU_] |44| 
     261 0000008d 5603          MOV       ACC,*+XAR4[0] << 1    ; [CPU_] |44| 
         0000008e 01C4 
TMS320C2000 Assembler PC v6.4.2 Thu Dec 14 13:36:43 2017

Tools Copyright (c) 1996-2015 Texas Instruments Incorporated
DLOG_4CH_F.asm                                                       PAGE    6

     262 0000008f 8AA6          MOVL      XAR4,XAR6             ; [CPU_] |44| 
     263 00000090 C5C5          MOVL      XAR7,*+XAR5[0]        ; [CPU_] |44| 
     264 00000091 07C4          ADDL      ACC,*+XAR4[0]         ; [CPU_] |44| 
     265 00000092 8AA9          MOVL      XAR4,ACC              ; [CPU_] |44| 
     266 00000093 C3C4          MOVL      *+XAR4[0],XAR7        ; [CPU_] |44| 
     267                      .dwpsn  file "../utility Src Files/DLOG_4CH_F.c",line 45,column 4,is_stmt,isa 0
     268 00000094 020C          MOVB      ACC,#12               ; [CPU_] |45| 
     269 00000095 8344          MOVL      XAR5,*-SP[4]          ; [CPU_] |45| 
     270 00000096 0744          ADDL      ACC,*-SP[4]           ; [CPU_] |45| 
     271 00000097 1EA6          MOVL      XAR6,ACC              ; [CPU_] |45| 
     272 00000098 0218          MOVB      ACC,#24               ; [CPU_] |45| 
     273 00000099 0744          ADDL      ACC,*-SP[4]           ; [CPU_] |45| 
     274 0000009a 8AA9          MOVL      XAR4,ACC              ; [CPU_] |45| 
     275 0000009b 83E5          MOVL      XAR5,*+XAR5[4]        ; [CPU_] |45| 
     276 0000009c 5603          MOV       ACC,*+XAR4[0] << 1    ; [CPU_] |45| 
         0000009d 01C4 
     277 0000009e 8AA6          MOVL      XAR4,XAR6             ; [CPU_] |45| 
     278 0000009f C5C5          MOVL      XAR7,*+XAR5[0]        ; [CPU_] |45| 
     279 000000a0 07C4          ADDL      ACC,*+XAR4[0]         ; [CPU_] |45| 
     280 000000a1 8AA9          MOVL      XAR4,ACC              ; [CPU_] |45| 
     281 000000a2 C3C4          MOVL      *+XAR4[0],XAR7        ; [CPU_] |45| 
     282                      .dwpsn  file "../utility Src Files/DLOG_4CH_F.c",line 46,column 4,is_stmt,isa 0
     283 000000a3 020E          MOVB      ACC,#14               ; [CPU_] |46| 
     284 000000a4 8344          MOVL      XAR5,*-SP[4]          ; [CPU_] |46| 
     285 000000a5 0744          ADDL      ACC,*-SP[4]           ; [CPU_] |46| 
     286 000000a6 1EA6          MOVL      XAR6,ACC              ; [CPU_] |46| 
     287 000000a7 0218          MOVB      ACC,#24               ; [CPU_] |46| 
     288 000000a8 0744          ADDL      ACC,*-SP[4]           ; [CPU_] |46| 
     289 000000a9 8AA9          MOVL      XAR4,ACC              ; [CPU_] |46| 
     290 000000aa 83F5          MOVL      XAR5,*+XAR5[6]        ; [CPU_] |46| 
     291 000000ab 5603          MOV       ACC,*+XAR4[0] << 1    ; [CPU_] |46| 
         000000ac 01C4 
     292 000000ad 8AA6          MOVL      XAR4,XAR6             ; [CPU_] |46| 
     293 000000ae C5C5          MOVL      XAR7,*+XAR5[0]        ; [CPU_] |46| 
     294 000000af 07C4          ADDL      ACC,*+XAR4[0]         ; [CPU_] |46| 
     295 000000b0 8AA9          MOVL      XAR4,ACC              ; [CPU_] |46| 
     296 000000b1 C3C4          MOVL      *+XAR4[0],XAR7        ; [CPU_] |46| 
     297                      .dwpsn  file "../utility Src Files/DLOG_4CH_F.c",line 47,column 4,is_stmt,isa 0
     298 000000b2 0218          MOVB      ACC,#24               ; [CPU_] |47| 
     299 000000b3 0744          ADDL      ACC,*-SP[4]           ; [CPU_] |47| 
     300 000000b4 8AA9          MOVL      XAR4,ACC              ; [CPU_] |47| 
     301 000000b5 0AC4          INC       *+XAR4[0]             ; [CPU_] |47| 
     302                      .dwpsn  file "../utility Src Files/DLOG_4CH_F.c",line 48,column 4,is_stmt,isa 0
     303 000000b6 0217          MOVB      ACC,#23               ; [CPU_] |48| 
     304 000000b7 0744          ADDL      ACC,*-SP[4]           ; [CPU_] |48| 
     305 000000b8 8AA9          MOVL      XAR4,ACC              ; [CPU_] |48| 
     306 000000b9 88C4          MOVZ      AR6,*+XAR4[0]         ; [CPU_] |48| 
     307 000000ba 0218          MOVB      ACC,#24               ; [CPU_] |48| 
     308 000000bb 0744          ADDL      ACC,*-SP[4]           ; [CPU_] |48| 
     309 000000bc 8AA9          MOVL      XAR4,ACC              ; [CPU_] |48| 
     310 000000bd 92A6          MOV       AL,AR6                ; [CPU_] |48| 
     311 000000be 54C4          CMP       AL,*+XAR4[0]          ; [CPU_] |48| 
     312 000000bf ED14          BF        $C$L4,NEQ             ; [CPU_] |48| 
     313                      ; branchcc occurs ; [] |48| 
     314                      .dwpsn  file "../utility Src Files/DLOG_4CH_F.c",line 50,column 5,is_stmt,isa 0
TMS320C2000 Assembler PC v6.4.2 Thu Dec 14 13:36:43 2017

Tools Copyright (c) 1996-2015 Texas Instruments Incorporated
DLOG_4CH_F.asm                                                       PAGE    7

     315 000000c0 0218          MOVB      ACC,#24               ; [CPU_] |50| 
     316 000000c1 0744          ADDL      ACC,*-SP[4]           ; [CPU_] |50| 
     317 000000c2 8AA9          MOVL      XAR4,ACC              ; [CPU_] |50| 
     318 000000c3 2BC4          MOV       *+XAR4[0],#0          ; [CPU_] |50| 
     319                      .dwpsn  file "../utility Src Files/DLOG_4CH_F.c",line 51,column 5,is_stmt,isa 0
     320 000000c4 0214          MOVB      ACC,#20               ; [CPU_] |51| 
     321 000000c5 0744          ADDL      ACC,*-SP[4]           ; [CPU_] |51| 
     322 000000c6 8AA9          MOVL      XAR4,ACC              ; [CPU_] |51| 
     323 000000c7 56BF          MOVB      *+XAR4[0],#1,UNC      ; [CPU_] |51| 
         000000c8 01C4 
     324                      .dwpsn  file "../utility Src Files/DLOG_4CH_F.c",line 54,column 3,is_stmt,isa 0
     325 000000c9 6F0A          B         $C$L4,UNC             ; [CPU_] |54| 
     326                      ; branch occurs ; [] |54| 
     327 000000ca       $C$L3:    
     328                      .dwpsn  file "../utility Src Files/DLOG_4CH_F.c",line 29,column 2,is_stmt,isa 0
     329 000000ca 0214          MOVB      ACC,#20               ; [CPU_] |29| 
     330 000000cb 0744          ADDL      ACC,*-SP[4]           ; [CPU_] |29| 
     331 000000cc 8AA9          MOVL      XAR4,ACC              ; [CPU_] |29| 
     332 000000cd 92C4          MOV       AL,*+XAR4[0]          ; [CPU_] |29| 
     333 000000ce 5201          CMPB      AL,#1                 ; [CPU_] |29| 
     334 000000cf 56C1          BF        $C$L1,EQ              ; [CPU_] |29| 
         000000d0 FF71 
     335                      ; branchcc occurs ; [] |29| 
     336 000000d1 5202          CMPB      AL,#2                 ; [CPU_] |29| 
     337 000000d2 EC91          BF        $C$L2,EQ              ; [CPU_] |29| 
     338                      ; branchcc occurs ; [] |29| 
     339 000000d3       $C$L4:    
     340                      .dwpsn  file "../utility Src Files/DLOG_4CH_F.c",line 56,column 2,is_stmt,isa 0
     341 000000d3 8344          MOVL      XAR5,*-SP[4]          ; [CPU_] |56| 
     342 000000d4 83C5          MOVL      XAR5,*+XAR5[0]        ; [CPU_] |56| 
     343 000000d5 0210          MOVB      ACC,#16               ; [CPU_] |56| 
     344 000000d6 0744          ADDL      ACC,*-SP[4]           ; [CPU_] |56| 
     345 000000d7 8AA9          MOVL      XAR4,ACC              ; [CPU_] |56| 
     346 000000d8 C4C5          MOVL      XAR6,*+XAR5[0]        ; [CPU_] |56| 
     347 000000d9 C2C4          MOVL      *+XAR4[0],XAR6        ; [CPU_] |56| 
     348                      .dwpsn  file "../utility Src Files/DLOG_4CH_F.c",line 57,column 1,is_stmt,isa 0
     349 000000da FE84          SUBB      SP,#4                 ; [CPU_U] 
     350                      .dwcfi  cfa_offset, -2
     351              $C$DW$8 .dwtag  DW_TAG_TI_branch
     352                      .dwattr $C$DW$8, DW_AT_low_pc(0x00)
     353                      .dwattr $C$DW$8, DW_AT_TI_return
     354 000000db 0006          LRETR     ; [CPU_] 
     355                      ; return occurs ; [] 
     356                      .dwattr $C$DW$5, DW_AT_TI_end_file("../utility Src Files/DLOG_4CH_F.c")
     357                      .dwattr $C$DW$5, DW_AT_TI_end_line(0x39)
     358                      .dwattr $C$DW$5, DW_AT_TI_end_column(0x01)
     359                      .dwendentry
     360                      .dwendtag $C$DW$5
     361              
     362              
     363              ;***************************************************************
     364              ;* TYPE INFORMATION                                            *
     365              ;***************************************************************
     366              
     367              $C$DW$T$22      .dwtag  DW_TAG_structure_type
TMS320C2000 Assembler PC v6.4.2 Thu Dec 14 13:36:43 2017

Tools Copyright (c) 1996-2015 Texas Instruments Incorporated
DLOG_4CH_F.asm                                                       PAGE    8

     368                      .dwattr $C$DW$T$22, DW_AT_byte_size(0x1a)
     369              $C$DW$9 .dwtag  DW_TAG_member
     370                      .dwattr $C$DW$9, DW_AT_type(*$C$DW$T$20)
     371                      .dwattr $C$DW$9, DW_AT_name("input_ptr1")
     372                      .dwattr $C$DW$9, DW_AT_TI_symbol_name("_input_ptr1")
     373                      .dwattr $C$DW$9, DW_AT_data_member_location[DW_OP_plus_uconst 0x0]
     374                      .dwattr $C$DW$9, DW_AT_accessibility(DW_ACCESS_public)
     375              $C$DW$10        .dwtag  DW_TAG_member
     376                      .dwattr $C$DW$10, DW_AT_type(*$C$DW$T$20)
     377                      .dwattr $C$DW$10, DW_AT_name("input_ptr2")
     378                      .dwattr $C$DW$10, DW_AT_TI_symbol_name("_input_ptr2")
     379                      .dwattr $C$DW$10, DW_AT_data_member_location[DW_OP_plus_uconst 0x2]
     380                      .dwattr $C$DW$10, DW_AT_accessibility(DW_ACCESS_public)
     381              $C$DW$11        .dwtag  DW_TAG_member
     382                      .dwattr $C$DW$11, DW_AT_type(*$C$DW$T$20)
     383                      .dwattr $C$DW$11, DW_AT_name("input_ptr3")
     384                      .dwattr $C$DW$11, DW_AT_TI_symbol_name("_input_ptr3")
     385                      .dwattr $C$DW$11, DW_AT_data_member_location[DW_OP_plus_uconst 0x4]
     386                      .dwattr $C$DW$11, DW_AT_accessibility(DW_ACCESS_public)
     387              $C$DW$12        .dwtag  DW_TAG_member
     388                      .dwattr $C$DW$12, DW_AT_type(*$C$DW$T$20)
     389                      .dwattr $C$DW$12, DW_AT_name("input_ptr4")
     390                      .dwattr $C$DW$12, DW_AT_TI_symbol_name("_input_ptr4")
     391                      .dwattr $C$DW$12, DW_AT_data_member_location[DW_OP_plus_uconst 0x6]
     392                      .dwattr $C$DW$12, DW_AT_accessibility(DW_ACCESS_public)
     393              $C$DW$13        .dwtag  DW_TAG_member
     394                      .dwattr $C$DW$13, DW_AT_type(*$C$DW$T$20)
     395                      .dwattr $C$DW$13, DW_AT_name("output_ptr1")
     396                      .dwattr $C$DW$13, DW_AT_TI_symbol_name("_output_ptr1")
     397                      .dwattr $C$DW$13, DW_AT_data_member_location[DW_OP_plus_uconst 0x8]
     398                      .dwattr $C$DW$13, DW_AT_accessibility(DW_ACCESS_public)
     399              $C$DW$14        .dwtag  DW_TAG_member
     400                      .dwattr $C$DW$14, DW_AT_type(*$C$DW$T$20)
     401                      .dwattr $C$DW$14, DW_AT_name("output_ptr2")
     402                      .dwattr $C$DW$14, DW_AT_TI_symbol_name("_output_ptr2")
     403                      .dwattr $C$DW$14, DW_AT_data_member_location[DW_OP_plus_uconst 0xa]
     404                      .dwattr $C$DW$14, DW_AT_accessibility(DW_ACCESS_public)
     405              $C$DW$15        .dwtag  DW_TAG_member
     406                      .dwattr $C$DW$15, DW_AT_type(*$C$DW$T$20)
     407                      .dwattr $C$DW$15, DW_AT_name("output_ptr3")
     408                      .dwattr $C$DW$15, DW_AT_TI_symbol_name("_output_ptr3")
     409                      .dwattr $C$DW$15, DW_AT_data_member_location[DW_OP_plus_uconst 0xc]
     410                      .dwattr $C$DW$15, DW_AT_accessibility(DW_ACCESS_public)
     411              $C$DW$16        .dwtag  DW_TAG_member
     412                      .dwattr $C$DW$16, DW_AT_type(*$C$DW$T$20)
     413                      .dwattr $C$DW$16, DW_AT_name("output_ptr4")
     414                      .dwattr $C$DW$16, DW_AT_TI_symbol_name("_output_ptr4")
     415                      .dwattr $C$DW$16, DW_AT_data_member_location[DW_OP_plus_uconst 0xe]
     416                      .dwattr $C$DW$16, DW_AT_accessibility(DW_ACCESS_public)
     417              $C$DW$17        .dwtag  DW_TAG_member
     418                      .dwattr $C$DW$17, DW_AT_type(*$C$DW$T$19)
     419                      .dwattr $C$DW$17, DW_AT_name("prev_value")
     420                      .dwattr $C$DW$17, DW_AT_TI_symbol_name("_prev_value")
     421                      .dwattr $C$DW$17, DW_AT_data_member_location[DW_OP_plus_uconst 0x10]
     422                      .dwattr $C$DW$17, DW_AT_accessibility(DW_ACCESS_public)
TMS320C2000 Assembler PC v6.4.2 Thu Dec 14 13:36:43 2017

Tools Copyright (c) 1996-2015 Texas Instruments Incorporated
DLOG_4CH_F.asm                                                       PAGE    9

     423              $C$DW$18        .dwtag  DW_TAG_member
     424                      .dwattr $C$DW$18, DW_AT_type(*$C$DW$T$19)
     425                      .dwattr $C$DW$18, DW_AT_name("trig_value")
     426                      .dwattr $C$DW$18, DW_AT_TI_symbol_name("_trig_value")
     427                      .dwattr $C$DW$18, DW_AT_data_member_location[DW_OP_plus_uconst 0x12]
     428                      .dwattr $C$DW$18, DW_AT_accessibility(DW_ACCESS_public)
     429              $C$DW$19        .dwtag  DW_TAG_member
     430                      .dwattr $C$DW$19, DW_AT_type(*$C$DW$T$21)
     431                      .dwattr $C$DW$19, DW_AT_name("status")
     432                      .dwattr $C$DW$19, DW_AT_TI_symbol_name("_status")
     433                      .dwattr $C$DW$19, DW_AT_data_member_location[DW_OP_plus_uconst 0x14]
     434                      .dwattr $C$DW$19, DW_AT_accessibility(DW_ACCESS_public)
     435              $C$DW$20        .dwtag  DW_TAG_member
     436                      .dwattr $C$DW$20, DW_AT_type(*$C$DW$T$21)
     437                      .dwattr $C$DW$20, DW_AT_name("pre_scalar")
     438                      .dwattr $C$DW$20, DW_AT_TI_symbol_name("_pre_scalar")
     439                      .dwattr $C$DW$20, DW_AT_data_member_location[DW_OP_plus_uconst 0x15]
     440                      .dwattr $C$DW$20, DW_AT_accessibility(DW_ACCESS_public)
     441              $C$DW$21        .dwtag  DW_TAG_member
     442                      .dwattr $C$DW$21, DW_AT_type(*$C$DW$T$21)
     443                      .dwattr $C$DW$21, DW_AT_name("skip_count")
     444                      .dwattr $C$DW$21, DW_AT_TI_symbol_name("_skip_count")
     445                      .dwattr $C$DW$21, DW_AT_data_member_location[DW_OP_plus_uconst 0x16]
     446                      .dwattr $C$DW$21, DW_AT_accessibility(DW_ACCESS_public)
     447              $C$DW$22        .dwtag  DW_TAG_member
     448                      .dwattr $C$DW$22, DW_AT_type(*$C$DW$T$21)
     449                      .dwattr $C$DW$22, DW_AT_name("size")
     450                      .dwattr $C$DW$22, DW_AT_TI_symbol_name("_size")
     451                      .dwattr $C$DW$22, DW_AT_data_member_location[DW_OP_plus_uconst 0x17]
     452                      .dwattr $C$DW$22, DW_AT_accessibility(DW_ACCESS_public)
     453              $C$DW$23        .dwtag  DW_TAG_member
     454                      .dwattr $C$DW$23, DW_AT_type(*$C$DW$T$21)
     455                      .dwattr $C$DW$23, DW_AT_name("count")
     456                      .dwattr $C$DW$23, DW_AT_TI_symbol_name("_count")
     457                      .dwattr $C$DW$23, DW_AT_data_member_location[DW_OP_plus_uconst 0x18]
     458                      .dwattr $C$DW$23, DW_AT_accessibility(DW_ACCESS_public)
     459                      .dwendtag $C$DW$T$22
     460              
     461              $C$DW$T$23      .dwtag  DW_TAG_typedef, DW_AT_name("DLOG_4CH_F")
     462                      .dwattr $C$DW$T$23, DW_AT_type(*$C$DW$T$22)
     463                      .dwattr $C$DW$T$23, DW_AT_language(DW_LANG_C)
     464              $C$DW$T$24      .dwtag  DW_TAG_pointer_type
     465                      .dwattr $C$DW$T$24, DW_AT_type(*$C$DW$T$23)
     466                      .dwattr $C$DW$T$24, DW_AT_address_class(0x20)
     467              $C$DW$T$2       .dwtag  DW_TAG_unspecified_type
     468                      .dwattr $C$DW$T$2, DW_AT_name("void")
     469              $C$DW$T$4       .dwtag  DW_TAG_base_type
     470                      .dwattr $C$DW$T$4, DW_AT_encoding(DW_ATE_boolean)
     471                      .dwattr $C$DW$T$4, DW_AT_name("bool")
     472                      .dwattr $C$DW$T$4, DW_AT_byte_size(0x01)
     473              $C$DW$T$5       .dwtag  DW_TAG_base_type
     474                      .dwattr $C$DW$T$5, DW_AT_encoding(DW_ATE_signed_char)
     475                      .dwattr $C$DW$T$5, DW_AT_name("signed char")
     476                      .dwattr $C$DW$T$5, DW_AT_byte_size(0x01)
     477              $C$DW$T$6       .dwtag  DW_TAG_base_type
TMS320C2000 Assembler PC v6.4.2 Thu Dec 14 13:36:43 2017

Tools Copyright (c) 1996-2015 Texas Instruments Incorporated
DLOG_4CH_F.asm                                                       PAGE   10

     478                      .dwattr $C$DW$T$6, DW_AT_encoding(DW_ATE_unsigned_char)
     479                      .dwattr $C$DW$T$6, DW_AT_name("unsigned char")
     480                      .dwattr $C$DW$T$6, DW_AT_byte_size(0x01)
     481              $C$DW$T$7       .dwtag  DW_TAG_base_type
     482                      .dwattr $C$DW$T$7, DW_AT_encoding(DW_ATE_signed_char)
     483                      .dwattr $C$DW$T$7, DW_AT_name("wchar_t")
     484                      .dwattr $C$DW$T$7, DW_AT_byte_size(0x01)
     485              $C$DW$T$8       .dwtag  DW_TAG_base_type
     486                      .dwattr $C$DW$T$8, DW_AT_encoding(DW_ATE_signed)
     487                      .dwattr $C$DW$T$8, DW_AT_name("short")
     488                      .dwattr $C$DW$T$8, DW_AT_byte_size(0x01)
     489              $C$DW$T$9       .dwtag  DW_TAG_base_type
     490                      .dwattr $C$DW$T$9, DW_AT_encoding(DW_ATE_unsigned)
     491                      .dwattr $C$DW$T$9, DW_AT_name("unsigned short")
     492                      .dwattr $C$DW$T$9, DW_AT_byte_size(0x01)
     493              $C$DW$T$10      .dwtag  DW_TAG_base_type
     494                      .dwattr $C$DW$T$10, DW_AT_encoding(DW_ATE_signed)
     495                      .dwattr $C$DW$T$10, DW_AT_name("int")
     496                      .dwattr $C$DW$T$10, DW_AT_byte_size(0x01)
     497              $C$DW$T$21      .dwtag  DW_TAG_typedef, DW_AT_name("int16")
     498                      .dwattr $C$DW$T$21, DW_AT_type(*$C$DW$T$10)
     499                      .dwattr $C$DW$T$21, DW_AT_language(DW_LANG_C)
     500              $C$DW$T$11      .dwtag  DW_TAG_base_type
     501                      .dwattr $C$DW$T$11, DW_AT_encoding(DW_ATE_unsigned)
     502                      .dwattr $C$DW$T$11, DW_AT_name("unsigned int")
     503                      .dwattr $C$DW$T$11, DW_AT_byte_size(0x01)
     504              $C$DW$T$12      .dwtag  DW_TAG_base_type
     505                      .dwattr $C$DW$T$12, DW_AT_encoding(DW_ATE_signed)
     506                      .dwattr $C$DW$T$12, DW_AT_name("long")
     507                      .dwattr $C$DW$T$12, DW_AT_byte_size(0x02)
     508              $C$DW$T$13      .dwtag  DW_TAG_base_type
     509                      .dwattr $C$DW$T$13, DW_AT_encoding(DW_ATE_unsigned)
     510                      .dwattr $C$DW$T$13, DW_AT_name("unsigned long")
     511                      .dwattr $C$DW$T$13, DW_AT_byte_size(0x02)
     512              $C$DW$T$14      .dwtag  DW_TAG_base_type
     513                      .dwattr $C$DW$T$14, DW_AT_encoding(DW_ATE_signed)
     514                      .dwattr $C$DW$T$14, DW_AT_name("long long")
     515                      .dwattr $C$DW$T$14, DW_AT_byte_size(0x04)
     516              $C$DW$T$15      .dwtag  DW_TAG_base_type
     517                      .dwattr $C$DW$T$15, DW_AT_encoding(DW_ATE_unsigned)
     518                      .dwattr $C$DW$T$15, DW_AT_name("unsigned long long")
     519                      .dwattr $C$DW$T$15, DW_AT_byte_size(0x04)
     520              $C$DW$T$16      .dwtag  DW_TAG_base_type
     521                      .dwattr $C$DW$T$16, DW_AT_encoding(DW_ATE_float)
     522                      .dwattr $C$DW$T$16, DW_AT_name("float")
     523                      .dwattr $C$DW$T$16, DW_AT_byte_size(0x02)
     524              $C$DW$T$19      .dwtag  DW_TAG_typedef, DW_AT_name("float32")
     525                      .dwattr $C$DW$T$19, DW_AT_type(*$C$DW$T$16)
     526                      .dwattr $C$DW$T$19, DW_AT_language(DW_LANG_C)
     527              $C$DW$T$20      .dwtag  DW_TAG_pointer_type
     528                      .dwattr $C$DW$T$20, DW_AT_type(*$C$DW$T$19)
     529                      .dwattr $C$DW$T$20, DW_AT_address_class(0x20)
     530              $C$DW$T$17      .dwtag  DW_TAG_base_type
     531                      .dwattr $C$DW$T$17, DW_AT_encoding(DW_ATE_float)
     532                      .dwattr $C$DW$T$17, DW_AT_name("double")
TMS320C2000 Assembler PC v6.4.2 Thu Dec 14 13:36:43 2017

Tools Copyright (c) 1996-2015 Texas Instruments Incorporated
DLOG_4CH_F.asm                                                       PAGE   11

     533                      .dwattr $C$DW$T$17, DW_AT_byte_size(0x02)
     534              $C$DW$T$18      .dwtag  DW_TAG_base_type
     535                      .dwattr $C$DW$T$18, DW_AT_encoding(DW_ATE_float)
     536                      .dwattr $C$DW$T$18, DW_AT_name("long double")
     537                      .dwattr $C$DW$T$18, DW_AT_byte_size(0x04)
     538                      .dwattr $C$DW$CU, DW_AT_language(DW_LANG_C)
     539              
     540              ;***************************************************************
     541              ;* DWARF CIE ENTRIES                                           *
     542              ;***************************************************************
     543              
     544              $C$DW$CIE       .dwcie 26
     545                      .dwcfi  cfa_register, 20
     546                      .dwcfi  cfa_offset, 0
     547                      .dwcfi  undefined, 0
     548                      .dwcfi  undefined, 1
     549                      .dwcfi  undefined, 2
     550                      .dwcfi  undefined, 3
     551                      .dwcfi  undefined, 20
     552                      .dwcfi  undefined, 21
     553                      .dwcfi  undefined, 22
     554                      .dwcfi  undefined, 23
     555                      .dwcfi  undefined, 24
     556                      .dwcfi  undefined, 25
     557                      .dwcfi  undefined, 26
     558                      .dwcfi  same_value, 28
     559                      .dwcfi  undefined, 29
     560                      .dwcfi  undefined, 30
     561                      .dwcfi  undefined, 31
     562                      .dwcfi  undefined, 32
     563                      .dwcfi  undefined, 33
     564                      .dwcfi  undefined, 34
     565                      .dwcfi  undefined, 35
     566                      .dwcfi  undefined, 36
     567                      .dwcfi  undefined, 37
     568                      .dwcfi  undefined, 38
     569                      .dwcfi  undefined, 75
     570                      .dwcfi  undefined, 76
     571                      .dwcfi  undefined, 77
     572                      .dwcfi  undefined, 4
     573                      .dwcfi  undefined, 5
     574                      .dwcfi  same_value, 6
     575                      .dwcfi  same_value, 7
     576                      .dwcfi  same_value, 8
     577                      .dwcfi  same_value, 9
     578                      .dwcfi  same_value, 10
     579                      .dwcfi  same_value, 11
     580                      .dwcfi  undefined, 12
     581                      .dwcfi  undefined, 13
     582                      .dwcfi  undefined, 14
     583                      .dwcfi  undefined, 15
     584                      .dwcfi  undefined, 16
     585                      .dwcfi  undefined, 17
     586                      .dwcfi  undefined, 18
     587                      .dwcfi  undefined, 19
TMS320C2000 Assembler PC v6.4.2 Thu Dec 14 13:36:43 2017

Tools Copyright (c) 1996-2015 Texas Instruments Incorporated
DLOG_4CH_F.asm                                                       PAGE   12

     588                      .dwcfi  undefined, 43
     589                      .dwcfi  undefined, 44
     590                      .dwcfi  undefined, 47
     591                      .dwcfi  undefined, 48
     592                      .dwcfi  undefined, 51
     593                      .dwcfi  undefined, 52
     594                      .dwcfi  undefined, 55
     595                      .dwcfi  undefined, 56
     596                      .dwcfi  same_value, 59
     597                      .dwcfi  same_value, 60
     598                      .dwcfi  same_value, 63
     599                      .dwcfi  same_value, 64
     600                      .dwcfi  same_value, 67
     601                      .dwcfi  same_value, 68
     602                      .dwcfi  same_value, 71
     603                      .dwcfi  same_value, 72
     604                      .dwcfi  undefined, 73
     605                      .dwcfi  undefined, 74
     606                      .dwcfi  undefined, 39
     607                      .dwcfi  undefined, 40
     608                      .dwcfi  undefined, 27
     609                      .dwendentry
     610              
     611              ;***************************************************************
     612              ;* DWARF REGISTER MAP                                          *
     613              ;***************************************************************
     614              
     615              $C$DW$24        .dwtag  DW_TAG_TI_assign_register, DW_AT_name("AL")
     616                      .dwattr $C$DW$24, DW_AT_location[DW_OP_reg0]
     617              $C$DW$25        .dwtag  DW_TAG_TI_assign_register, DW_AT_name("AH")
     618                      .dwattr $C$DW$25, DW_AT_location[DW_OP_reg1]
     619              $C$DW$26        .dwtag  DW_TAG_TI_assign_register, DW_AT_name("PL")
     620                      .dwattr $C$DW$26, DW_AT_location[DW_OP_reg2]
     621              $C$DW$27        .dwtag  DW_TAG_TI_assign_register, DW_AT_name("PH")
     622                      .dwattr $C$DW$27, DW_AT_location[DW_OP_reg3]
     623              $C$DW$28        .dwtag  DW_TAG_TI_assign_register, DW_AT_name("SP")
     624                      .dwattr $C$DW$28, DW_AT_location[DW_OP_reg20]
     625              $C$DW$29        .dwtag  DW_TAG_TI_assign_register, DW_AT_name("XT")
     626                      .dwattr $C$DW$29, DW_AT_location[DW_OP_reg21]
     627              $C$DW$30        .dwtag  DW_TAG_TI_assign_register, DW_AT_name("T")
     628                      .dwattr $C$DW$30, DW_AT_location[DW_OP_reg22]
     629              $C$DW$31        .dwtag  DW_TAG_TI_assign_register, DW_AT_name("ST0")
     630                      .dwattr $C$DW$31, DW_AT_location[DW_OP_reg23]
     631              $C$DW$32        .dwtag  DW_TAG_TI_assign_register, DW_AT_name("ST1")
     632                      .dwattr $C$DW$32, DW_AT_location[DW_OP_reg24]
     633              $C$DW$33        .dwtag  DW_TAG_TI_assign_register, DW_AT_name("PC")
     634                      .dwattr $C$DW$33, DW_AT_location[DW_OP_reg25]
     635              $C$DW$34        .dwtag  DW_TAG_TI_assign_register, DW_AT_name("RPC")
     636                      .dwattr $C$DW$34, DW_AT_location[DW_OP_reg26]
     637              $C$DW$35        .dwtag  DW_TAG_TI_assign_register, DW_AT_name("FP")
     638                      .dwattr $C$DW$35, DW_AT_location[DW_OP_reg28]
     639              $C$DW$36        .dwtag  DW_TAG_TI_assign_register, DW_AT_name("DP")
     640                      .dwattr $C$DW$36, DW_AT_location[DW_OP_reg29]
     641              $C$DW$37        .dwtag  DW_TAG_TI_assign_register, DW_AT_name("SXM")
     642                      .dwattr $C$DW$37, DW_AT_location[DW_OP_reg30]
TMS320C2000 Assembler PC v6.4.2 Thu Dec 14 13:36:43 2017

Tools Copyright (c) 1996-2015 Texas Instruments Incorporated
DLOG_4CH_F.asm                                                       PAGE   13

     643              $C$DW$38        .dwtag  DW_TAG_TI_assign_register, DW_AT_name("PM")
     644                      .dwattr $C$DW$38, DW_AT_location[DW_OP_reg31]
     645              $C$DW$39        .dwtag  DW_TAG_TI_assign_register, DW_AT_name("OVM")
     646                      .dwattr $C$DW$39, DW_AT_location[DW_OP_regx 0x20]
     647              $C$DW$40        .dwtag  DW_TAG_TI_assign_register, DW_AT_name("PAGE0")
     648                      .dwattr $C$DW$40, DW_AT_location[DW_OP_regx 0x21]
     649              $C$DW$41        .dwtag  DW_TAG_TI_assign_register, DW_AT_name("AMODE")
     650                      .dwattr $C$DW$41, DW_AT_location[DW_OP_regx 0x22]
     651              $C$DW$42        .dwtag  DW_TAG_TI_assign_register, DW_AT_name("INTM")
     652                      .dwattr $C$DW$42, DW_AT_location[DW_OP_regx 0x23]
     653              $C$DW$43        .dwtag  DW_TAG_TI_assign_register, DW_AT_name("IFR")
     654                      .dwattr $C$DW$43, DW_AT_location[DW_OP_regx 0x24]
     655              $C$DW$44        .dwtag  DW_TAG_TI_assign_register, DW_AT_name("IER")
     656                      .dwattr $C$DW$44, DW_AT_location[DW_OP_regx 0x25]
     657              $C$DW$45        .dwtag  DW_TAG_TI_assign_register, DW_AT_name("V")
     658                      .dwattr $C$DW$45, DW_AT_location[DW_OP_regx 0x26]
     659              $C$DW$46        .dwtag  DW_TAG_TI_assign_register, DW_AT_name("PSEUDOH")
     660                      .dwattr $C$DW$46, DW_AT_location[DW_OP_regx 0x4c]
     661              $C$DW$47        .dwtag  DW_TAG_TI_assign_register, DW_AT_name("VOL")
     662                      .dwattr $C$DW$47, DW_AT_location[DW_OP_regx 0x4d]
     663              $C$DW$48        .dwtag  DW_TAG_TI_assign_register, DW_AT_name("AR0")
     664                      .dwattr $C$DW$48, DW_AT_location[DW_OP_reg4]
     665              $C$DW$49        .dwtag  DW_TAG_TI_assign_register, DW_AT_name("XAR0")
     666                      .dwattr $C$DW$49, DW_AT_location[DW_OP_reg5]
     667              $C$DW$50        .dwtag  DW_TAG_TI_assign_register, DW_AT_name("AR1")
     668                      .dwattr $C$DW$50, DW_AT_location[DW_OP_reg6]
     669              $C$DW$51        .dwtag  DW_TAG_TI_assign_register, DW_AT_name("XAR1")
     670                      .dwattr $C$DW$51, DW_AT_location[DW_OP_reg7]
     671              $C$DW$52        .dwtag  DW_TAG_TI_assign_register, DW_AT_name("AR2")
     672                      .dwattr $C$DW$52, DW_AT_location[DW_OP_reg8]
     673              $C$DW$53        .dwtag  DW_TAG_TI_assign_register, DW_AT_name("XAR2")
     674                      .dwattr $C$DW$53, DW_AT_location[DW_OP_reg9]
     675              $C$DW$54        .dwtag  DW_TAG_TI_assign_register, DW_AT_name("AR3")
     676                      .dwattr $C$DW$54, DW_AT_location[DW_OP_reg10]
     677              $C$DW$55        .dwtag  DW_TAG_TI_assign_register, DW_AT_name("XAR3")
     678                      .dwattr $C$DW$55, DW_AT_location[DW_OP_reg11]
     679              $C$DW$56        .dwtag  DW_TAG_TI_assign_register, DW_AT_name("AR4")
     680                      .dwattr $C$DW$56, DW_AT_location[DW_OP_reg12]
     681              $C$DW$57        .dwtag  DW_TAG_TI_assign_register, DW_AT_name("XAR4")
     682                      .dwattr $C$DW$57, DW_AT_location[DW_OP_reg13]
     683              $C$DW$58        .dwtag  DW_TAG_TI_assign_register, DW_AT_name("AR5")
     684                      .dwattr $C$DW$58, DW_AT_location[DW_OP_reg14]
     685              $C$DW$59        .dwtag  DW_TAG_TI_assign_register, DW_AT_name("XAR5")
     686                      .dwattr $C$DW$59, DW_AT_location[DW_OP_reg15]
     687              $C$DW$60        .dwtag  DW_TAG_TI_assign_register, DW_AT_name("AR6")
     688                      .dwattr $C$DW$60, DW_AT_location[DW_OP_reg16]
     689              $C$DW$61        .dwtag  DW_TAG_TI_assign_register, DW_AT_name("XAR6")
     690                      .dwattr $C$DW$61, DW_AT_location[DW_OP_reg17]
     691              $C$DW$62        .dwtag  DW_TAG_TI_assign_register, DW_AT_name("AR7")
     692                      .dwattr $C$DW$62, DW_AT_location[DW_OP_reg18]
     693              $C$DW$63        .dwtag  DW_TAG_TI_assign_register, DW_AT_name("XAR7")
     694                      .dwattr $C$DW$63, DW_AT_location[DW_OP_reg19]
     695              $C$DW$64        .dwtag  DW_TAG_TI_assign_register, DW_AT_name("R0HL")
     696                      .dwattr $C$DW$64, DW_AT_location[DW_OP_regx 0x2b]
     697              $C$DW$65        .dwtag  DW_TAG_TI_assign_register, DW_AT_name("R0H")
TMS320C2000 Assembler PC v6.4.2 Thu Dec 14 13:36:43 2017

Tools Copyright (c) 1996-2015 Texas Instruments Incorporated
DLOG_4CH_F.asm                                                       PAGE   14

     698                      .dwattr $C$DW$65, DW_AT_location[DW_OP_regx 0x2c]
     699              $C$DW$66        .dwtag  DW_TAG_TI_assign_register, DW_AT_name("R1HL")
     700                      .dwattr $C$DW$66, DW_AT_location[DW_OP_regx 0x2f]
     701              $C$DW$67        .dwtag  DW_TAG_TI_assign_register, DW_AT_name("R1H")
     702                      .dwattr $C$DW$67, DW_AT_location[DW_OP_regx 0x30]
     703              $C$DW$68        .dwtag  DW_TAG_TI_assign_register, DW_AT_name("R2HL")
     704                      .dwattr $C$DW$68, DW_AT_location[DW_OP_regx 0x33]
     705              $C$DW$69        .dwtag  DW_TAG_TI_assign_register, DW_AT_name("R2H")
     706                      .dwattr $C$DW$69, DW_AT_location[DW_OP_regx 0x34]
     707              $C$DW$70        .dwtag  DW_TAG_TI_assign_register, DW_AT_name("R3HL")
     708                      .dwattr $C$DW$70, DW_AT_location[DW_OP_regx 0x37]
     709              $C$DW$71        .dwtag  DW_TAG_TI_assign_register, DW_AT_name("R3H")
     710                      .dwattr $C$DW$71, DW_AT_location[DW_OP_regx 0x38]
     711              $C$DW$72        .dwtag  DW_TAG_TI_assign_register, DW_AT_name("R4HL")
     712                      .dwattr $C$DW$72, DW_AT_location[DW_OP_regx 0x3b]
     713              $C$DW$73        .dwtag  DW_TAG_TI_assign_register, DW_AT_name("R4H")
     714                      .dwattr $C$DW$73, DW_AT_location[DW_OP_regx 0x3c]
     715              $C$DW$74        .dwtag  DW_TAG_TI_assign_register, DW_AT_name("R5HL")
     716                      .dwattr $C$DW$74, DW_AT_location[DW_OP_regx 0x3f]
     717              $C$DW$75        .dwtag  DW_TAG_TI_assign_register, DW_AT_name("R5H")
     718                      .dwattr $C$DW$75, DW_AT_location[DW_OP_regx 0x40]
     719              $C$DW$76        .dwtag  DW_TAG_TI_assign_register, DW_AT_name("R6HL")
     720                      .dwattr $C$DW$76, DW_AT_location[DW_OP_regx 0x43]
     721              $C$DW$77        .dwtag  DW_TAG_TI_assign_register, DW_AT_name("R6H")
     722                      .dwattr $C$DW$77, DW_AT_location[DW_OP_regx 0x44]
     723              $C$DW$78        .dwtag  DW_TAG_TI_assign_register, DW_AT_name("R7HL")
     724                      .dwattr $C$DW$78, DW_AT_location[DW_OP_regx 0x47]
     725              $C$DW$79        .dwtag  DW_TAG_TI_assign_register, DW_AT_name("R7H")
     726                      .dwattr $C$DW$79, DW_AT_location[DW_OP_regx 0x48]
     727              $C$DW$80        .dwtag  DW_TAG_TI_assign_register, DW_AT_name("RBL")
     728                      .dwattr $C$DW$80, DW_AT_location[DW_OP_regx 0x49]
     729              $C$DW$81        .dwtag  DW_TAG_TI_assign_register, DW_AT_name("RB")
     730                      .dwattr $C$DW$81, DW_AT_location[DW_OP_regx 0x4a]
     731              $C$DW$82        .dwtag  DW_TAG_TI_assign_register, DW_AT_name("STFL")
     732                      .dwattr $C$DW$82, DW_AT_location[DW_OP_regx 0x27]
     733              $C$DW$83        .dwtag  DW_TAG_TI_assign_register, DW_AT_name("STF")
     734                      .dwattr $C$DW$83, DW_AT_location[DW_OP_regx 0x28]
     735              $C$DW$84        .dwtag  DW_TAG_TI_assign_register, DW_AT_name("FPUHAZ")
     736                      .dwattr $C$DW$84, DW_AT_location[DW_OP_reg27]
     737                      .dwendtag $C$DW$CU
     738              

No Assembly Errors, No Assembly Warnings
