TMS320C2000 Assembler PC v6.4.2 Thu Dec 14 13:37:57 2017

Tools Copyright (c) 1996-2015 Texas Instruments Incorporated
hal_button.asm                                                       PAGE    1

       1              ;***************************************************************
       2              ;* TMS320C2000 C/C++ Codegen                         PC v6.4.2 *
       3              ;* Date/Time created: Thu Dec 14 13:37:57 2017                 *
       4              ;***************************************************************
       5                      .compiler_opts --cla_support=cla0 --float_support=fpu32 --hll_source=on --mem_model:code=flat --mem_m
       6        0002  FP      .set    XAR2
       7              
       8              $C$DW$CU        .dwtag  DW_TAG_compile_unit
       9                      .dwattr $C$DW$CU, DW_AT_name("../Source/App/hal_button.c")
      10                      .dwattr $C$DW$CU, DW_AT_producer("TI TMS320C2000 C/C++ Codegen PC v6.4.2 Copyright (c) 1996-2015 Texa
      11                      .dwattr $C$DW$CU, DW_AT_TI_version(0x01)
      12                      .dwattr $C$DW$CU, DW_AT_comp_dir("U:\02_MSE\MT\07_Software\CCS_workspace\DiffDrive_v0.93\F2837x_FLASH
      13              
      14              $C$DW$1 .dwtag  DW_TAG_subprogram, DW_AT_name("GPIO_SetupPinOptions")
      15                      .dwattr $C$DW$1, DW_AT_TI_symbol_name("_GPIO_SetupPinOptions")
      16                      .dwattr $C$DW$1, DW_AT_declaration
      17                      .dwattr $C$DW$1, DW_AT_external
      18              $C$DW$2 .dwtag  DW_TAG_formal_parameter
      19                      .dwattr $C$DW$2, DW_AT_type(*$C$DW$T$19)
      20              $C$DW$3 .dwtag  DW_TAG_formal_parameter
      21                      .dwattr $C$DW$3, DW_AT_type(*$C$DW$T$19)
      22              $C$DW$4 .dwtag  DW_TAG_formal_parameter
      23                      .dwattr $C$DW$4, DW_AT_type(*$C$DW$T$19)
      24                      .dwendtag $C$DW$1
      25              
      26              
      27              $C$DW$5 .dwtag  DW_TAG_subprogram, DW_AT_name("GPIO_SetupPinMux")
      28                      .dwattr $C$DW$5, DW_AT_TI_symbol_name("_GPIO_SetupPinMux")
      29                      .dwattr $C$DW$5, DW_AT_declaration
      30                      .dwattr $C$DW$5, DW_AT_external
      31              $C$DW$6 .dwtag  DW_TAG_formal_parameter
      32                      .dwattr $C$DW$6, DW_AT_type(*$C$DW$T$19)
      33              $C$DW$7 .dwtag  DW_TAG_formal_parameter
      34                      .dwattr $C$DW$7, DW_AT_type(*$C$DW$T$19)
      35              $C$DW$8 .dwtag  DW_TAG_formal_parameter
      36                      .dwattr $C$DW$8, DW_AT_type(*$C$DW$T$19)
      37                      .dwendtag $C$DW$5
      38              
      39              
      40              $C$DW$9 .dwtag  DW_TAG_subprogram, DW_AT_name("GPIO_ReadPin")
      41                      .dwattr $C$DW$9, DW_AT_TI_symbol_name("_GPIO_ReadPin")
      42                      .dwattr $C$DW$9, DW_AT_type(*$C$DW$T$19)
      43                      .dwattr $C$DW$9, DW_AT_declaration
      44                      .dwattr $C$DW$9, DW_AT_external
      45              $C$DW$10        .dwtag  DW_TAG_formal_parameter
      46                      .dwattr $C$DW$10, DW_AT_type(*$C$DW$T$19)
      47                      .dwendtag $C$DW$9
      48              
      49              ;       C:\ti\ccsv6\tools\compiler\ti-cgt-c2000_6.4.2\bin\ac2000.exe -@C:\\Users\\ficm\\AppData\\Local\\Temp\
      50 00000000               .sect   ".text"
      51                      .clink
      52                      .global _hal_button_init
      53              
      54              $C$DW$11        .dwtag  DW_TAG_subprogram, DW_AT_name("hal_button_init")
      55                      .dwattr $C$DW$11, DW_AT_low_pc(_hal_button_init)
TMS320C2000 Assembler PC v6.4.2 Thu Dec 14 13:37:57 2017

Tools Copyright (c) 1996-2015 Texas Instruments Incorporated
hal_button.asm                                                       PAGE    2

      56                      .dwattr $C$DW$11, DW_AT_high_pc(0x00)
      57                      .dwattr $C$DW$11, DW_AT_TI_symbol_name("_hal_button_init")
      58                      .dwattr $C$DW$11, DW_AT_external
      59                      .dwattr $C$DW$11, DW_AT_TI_begin_file("../Source/App/hal_button.c")
      60                      .dwattr $C$DW$11, DW_AT_TI_begin_line(0x12)
      61                      .dwattr $C$DW$11, DW_AT_TI_begin_column(0x06)
      62                      .dwattr $C$DW$11, DW_AT_TI_max_frame_size(-2)
      63                      .dwpsn  file "../Source/App/hal_button.c",line 19,column 1,is_stmt,address _hal_button_init,isa 0
      64              
      65                      .dwfde $C$DW$CIE, _hal_button_init
      66              
      67              ;***************************************************************
      68              ;* FNAME: _hal_button_init              FR SIZE:   0           *
      69              ;*                                                             *
      70              ;* FUNCTION ENVIRONMENT                                        *
      71              ;*                                                             *
      72              ;* FUNCTION PROPERTIES                                         *
      73              ;*                            0 Parameter,  0 Auto,  0 SOE     *
      74              ;***************************************************************
      75              
      76 00000000       _hal_button_init:
      77                      .dwcfi  cfa_offset, -2
      78                      .dwcfi  save_reg_to_mem, 26, 0
      79                      .dwpsn  file "../Source/App/hal_button.c",line 20,column 2,is_stmt,isa 0
      80 00000000 9A42          MOVB      AL,#66                ; [CPU_] |20| 
      81 00000001 D400          MOVB      XAR4,#0               ; [CPU_] |20| 
      82 00000002 9B00          MOVB      AH,#0                 ; [CPU_] |20| 
      83              $C$DW$12        .dwtag  DW_TAG_TI_branch
      84                      .dwattr $C$DW$12, DW_AT_low_pc(0x00)
      85                      .dwattr $C$DW$12, DW_AT_name("_GPIO_SetupPinMux")
      86                      .dwattr $C$DW$12, DW_AT_TI_call
      87 00000003 7640!         LCR       #_GPIO_SetupPinMux    ; [CPU_] |20| 
         00000004 0000 
      88                      ; call occurs [#_GPIO_SetupPinMux] ; [] |20| 
      89                      .dwpsn  file "../Source/App/hal_button.c",line 21,column 2,is_stmt,isa 0
      90 00000005 9A42          MOVB      AL,#66                ; [CPU_] |21| 
      91 00000006 9B00          MOVB      AH,#0                 ; [CPU_] |21| 
      92 00000007 D400          MOVB      XAR4,#0               ; [CPU_] |21| 
      93              $C$DW$13        .dwtag  DW_TAG_TI_branch
      94                      .dwattr $C$DW$13, DW_AT_low_pc(0x00)
      95                      .dwattr $C$DW$13, DW_AT_name("_GPIO_SetupPinOptions")
      96                      .dwattr $C$DW$13, DW_AT_TI_call
      97 00000008 7640!         LCR       #_GPIO_SetupPinOptions ; [CPU_] |21| 
         00000009 0000 
      98                      ; call occurs [#_GPIO_SetupPinOptions] ; [] |21| 
      99                      .dwpsn  file "../Source/App/hal_button.c",line 22,column 1,is_stmt,isa 0
     100              $C$DW$14        .dwtag  DW_TAG_TI_branch
     101                      .dwattr $C$DW$14, DW_AT_low_pc(0x00)
     102                      .dwattr $C$DW$14, DW_AT_TI_return
     103 0000000a 0006          LRETR     ; [CPU_] 
     104                      ; return occurs ; [] 
     105                      .dwattr $C$DW$11, DW_AT_TI_end_file("../Source/App/hal_button.c")
     106                      .dwattr $C$DW$11, DW_AT_TI_end_line(0x16)
     107                      .dwattr $C$DW$11, DW_AT_TI_end_column(0x01)
     108                      .dwendentry
TMS320C2000 Assembler PC v6.4.2 Thu Dec 14 13:37:57 2017

Tools Copyright (c) 1996-2015 Texas Instruments Incorporated
hal_button.asm                                                       PAGE    3

     109                      .dwendtag $C$DW$11
     110              
     111 0000000b               .sect   ".text"
     112                      .clink
     113                      .global _hal_button_read
     114              
     115              $C$DW$15        .dwtag  DW_TAG_subprogram, DW_AT_name("hal_button_read")
     116                      .dwattr $C$DW$15, DW_AT_low_pc(_hal_button_read)
     117                      .dwattr $C$DW$15, DW_AT_high_pc(0x00)
     118                      .dwattr $C$DW$15, DW_AT_TI_symbol_name("_hal_button_read")
     119                      .dwattr $C$DW$15, DW_AT_external
     120                      .dwattr $C$DW$15, DW_AT_type(*$C$DW$T$19)
     121                      .dwattr $C$DW$15, DW_AT_TI_begin_file("../Source/App/hal_button.c")
     122                      .dwattr $C$DW$15, DW_AT_TI_begin_line(0x19)
     123                      .dwattr $C$DW$15, DW_AT_TI_begin_column(0x08)
     124                      .dwattr $C$DW$15, DW_AT_TI_max_frame_size(-4)
     125                      .dwpsn  file "../Source/App/hal_button.c",line 26,column 1,is_stmt,address _hal_button_read,isa 0
     126              
     127                      .dwfde $C$DW$CIE, _hal_button_read
     128              $C$DW$16        .dwtag  DW_TAG_formal_parameter, DW_AT_name("button")
     129                      .dwattr $C$DW$16, DW_AT_TI_symbol_name("_button")
     130                      .dwattr $C$DW$16, DW_AT_type(*$C$DW$T$19)
     131                      .dwattr $C$DW$16, DW_AT_location[DW_OP_reg0]
     132              
     133              ;***************************************************************
     134              ;* FNAME: _hal_button_read              FR SIZE:   2           *
     135              ;*                                                             *
     136              ;* FUNCTION ENVIRONMENT                                        *
     137              ;*                                                             *
     138              ;* FUNCTION PROPERTIES                                         *
     139              ;*                            0 Parameter,  1 Auto,  0 SOE     *
     140              ;***************************************************************
     141              
     142 0000000b       _hal_button_read:
     143                      .dwcfi  cfa_offset, -2
     144                      .dwcfi  save_reg_to_mem, 26, 0
     145 0000000b FE02          ADDB      SP,#2                 ; [CPU_U] 
     146                      .dwcfi  cfa_offset, -4
     147              $C$DW$17        .dwtag  DW_TAG_variable, DW_AT_name("button")
     148                      .dwattr $C$DW$17, DW_AT_TI_symbol_name("_button")
     149                      .dwattr $C$DW$17, DW_AT_type(*$C$DW$T$19)
     150                      .dwattr $C$DW$17, DW_AT_location[DW_OP_breg20 -1]
     151 0000000c 9641          MOV       *-SP[1],AL            ; [CPU_] |26| 
     152                      .dwpsn  file "../Source/App/hal_button.c",line 27,column 2,is_stmt,isa 0
     153              $C$DW$18        .dwtag  DW_TAG_TI_branch
     154                      .dwattr $C$DW$18, DW_AT_low_pc(0x00)
     155                      .dwattr $C$DW$18, DW_AT_name("_GPIO_ReadPin")
     156                      .dwattr $C$DW$18, DW_AT_TI_call
     157 0000000d 7640!         LCR       #_GPIO_ReadPin        ; [CPU_] |27| 
         0000000e 0000 
     158                      ; call occurs [#_GPIO_ReadPin] ; [] |27| 
     159 0000000f 5200          CMPB      AL,#0                 ; [CPU_] |27| 
     160 00000010 EC03          BF        $C$L1,EQ              ; [CPU_] |27| 
     161                      ; branchcc occurs ; [] |27| 
     162                      .dwpsn  file "../Source/App/hal_button.c",line 28,column 3,is_stmt,isa 0
TMS320C2000 Assembler PC v6.4.2 Thu Dec 14 13:37:57 2017

Tools Copyright (c) 1996-2015 Texas Instruments Incorporated
hal_button.asm                                                       PAGE    4

     163 00000011 9A00          MOVB      AL,#0                 ; [CPU_] |28| 
     164 00000012 6F02          B         $C$L2,UNC             ; [CPU_] |28| 
     165                      ; branch occurs ; [] |28| 
     166 00000013       $C$L1:    
     167                      .dwpsn  file "../Source/App/hal_button.c",line 30,column 3,is_stmt,isa 0
     168 00000013 9A01          MOVB      AL,#1                 ; [CPU_] |30| 
     169 00000014       $C$L2:    
     170                      .dwpsn  file "../Source/App/hal_button.c",line 32,column 1,is_stmt,isa 0
     171 00000014 FE82          SUBB      SP,#2                 ; [CPU_U] 
     172                      .dwcfi  cfa_offset, -2
     173              $C$DW$19        .dwtag  DW_TAG_TI_branch
     174                      .dwattr $C$DW$19, DW_AT_low_pc(0x00)
     175                      .dwattr $C$DW$19, DW_AT_TI_return
     176 00000015 0006          LRETR     ; [CPU_] 
     177                      ; return occurs ; [] 
     178                      .dwattr $C$DW$15, DW_AT_TI_end_file("../Source/App/hal_button.c")
     179                      .dwattr $C$DW$15, DW_AT_TI_end_line(0x20)
     180                      .dwattr $C$DW$15, DW_AT_TI_end_column(0x01)
     181                      .dwendentry
     182                      .dwendtag $C$DW$15
     183              
     184              ;**************************************************************
     185              ;* UNDEFINED EXTERNAL REFERENCES                              *
     186              ;**************************************************************
     187                      .global _GPIO_SetupPinOptions
     188                      .global _GPIO_SetupPinMux
     189                      .global _GPIO_ReadPin
     190              
     191              ;***************************************************************
     192              ;* TYPE INFORMATION                                            *
     193              ;***************************************************************
     194              $C$DW$T$2       .dwtag  DW_TAG_unspecified_type
     195                      .dwattr $C$DW$T$2, DW_AT_name("void")
     196              $C$DW$T$4       .dwtag  DW_TAG_base_type
     197                      .dwattr $C$DW$T$4, DW_AT_encoding(DW_ATE_boolean)
     198                      .dwattr $C$DW$T$4, DW_AT_name("bool")
     199                      .dwattr $C$DW$T$4, DW_AT_byte_size(0x01)
     200              $C$DW$T$5       .dwtag  DW_TAG_base_type
     201                      .dwattr $C$DW$T$5, DW_AT_encoding(DW_ATE_signed_char)
     202                      .dwattr $C$DW$T$5, DW_AT_name("signed char")
     203                      .dwattr $C$DW$T$5, DW_AT_byte_size(0x01)
     204              $C$DW$T$6       .dwtag  DW_TAG_base_type
     205                      .dwattr $C$DW$T$6, DW_AT_encoding(DW_ATE_unsigned_char)
     206                      .dwattr $C$DW$T$6, DW_AT_name("unsigned char")
     207                      .dwattr $C$DW$T$6, DW_AT_byte_size(0x01)
     208              $C$DW$T$7       .dwtag  DW_TAG_base_type
     209                      .dwattr $C$DW$T$7, DW_AT_encoding(DW_ATE_signed_char)
     210                      .dwattr $C$DW$T$7, DW_AT_name("wchar_t")
     211                      .dwattr $C$DW$T$7, DW_AT_byte_size(0x01)
     212              $C$DW$T$8       .dwtag  DW_TAG_base_type
     213                      .dwattr $C$DW$T$8, DW_AT_encoding(DW_ATE_signed)
     214                      .dwattr $C$DW$T$8, DW_AT_name("short")
     215                      .dwattr $C$DW$T$8, DW_AT_byte_size(0x01)
     216              $C$DW$T$9       .dwtag  DW_TAG_base_type
     217                      .dwattr $C$DW$T$9, DW_AT_encoding(DW_ATE_unsigned)
TMS320C2000 Assembler PC v6.4.2 Thu Dec 14 13:37:57 2017

Tools Copyright (c) 1996-2015 Texas Instruments Incorporated
hal_button.asm                                                       PAGE    5

     218                      .dwattr $C$DW$T$9, DW_AT_name("unsigned short")
     219                      .dwattr $C$DW$T$9, DW_AT_byte_size(0x01)
     220              $C$DW$T$10      .dwtag  DW_TAG_base_type
     221                      .dwattr $C$DW$T$10, DW_AT_encoding(DW_ATE_signed)
     222                      .dwattr $C$DW$T$10, DW_AT_name("int")
     223                      .dwattr $C$DW$T$10, DW_AT_byte_size(0x01)
     224              $C$DW$T$11      .dwtag  DW_TAG_base_type
     225                      .dwattr $C$DW$T$11, DW_AT_encoding(DW_ATE_unsigned)
     226                      .dwattr $C$DW$T$11, DW_AT_name("unsigned int")
     227                      .dwattr $C$DW$T$11, DW_AT_byte_size(0x01)
     228              $C$DW$T$19      .dwtag  DW_TAG_typedef, DW_AT_name("Uint16")
     229                      .dwattr $C$DW$T$19, DW_AT_type(*$C$DW$T$11)
     230                      .dwattr $C$DW$T$19, DW_AT_language(DW_LANG_C)
     231              $C$DW$T$12      .dwtag  DW_TAG_base_type
     232                      .dwattr $C$DW$T$12, DW_AT_encoding(DW_ATE_signed)
     233                      .dwattr $C$DW$T$12, DW_AT_name("long")
     234                      .dwattr $C$DW$T$12, DW_AT_byte_size(0x02)
     235              $C$DW$T$13      .dwtag  DW_TAG_base_type
     236                      .dwattr $C$DW$T$13, DW_AT_encoding(DW_ATE_unsigned)
     237                      .dwattr $C$DW$T$13, DW_AT_name("unsigned long")
     238                      .dwattr $C$DW$T$13, DW_AT_byte_size(0x02)
     239              $C$DW$T$14      .dwtag  DW_TAG_base_type
     240                      .dwattr $C$DW$T$14, DW_AT_encoding(DW_ATE_signed)
     241                      .dwattr $C$DW$T$14, DW_AT_name("long long")
     242                      .dwattr $C$DW$T$14, DW_AT_byte_size(0x04)
     243              $C$DW$T$15      .dwtag  DW_TAG_base_type
     244                      .dwattr $C$DW$T$15, DW_AT_encoding(DW_ATE_unsigned)
     245                      .dwattr $C$DW$T$15, DW_AT_name("unsigned long long")
     246                      .dwattr $C$DW$T$15, DW_AT_byte_size(0x04)
     247              $C$DW$T$16      .dwtag  DW_TAG_base_type
     248                      .dwattr $C$DW$T$16, DW_AT_encoding(DW_ATE_float)
     249                      .dwattr $C$DW$T$16, DW_AT_name("float")
     250                      .dwattr $C$DW$T$16, DW_AT_byte_size(0x02)
     251              $C$DW$T$17      .dwtag  DW_TAG_base_type
     252                      .dwattr $C$DW$T$17, DW_AT_encoding(DW_ATE_float)
     253                      .dwattr $C$DW$T$17, DW_AT_name("double")
     254                      .dwattr $C$DW$T$17, DW_AT_byte_size(0x02)
     255              $C$DW$T$18      .dwtag  DW_TAG_base_type
     256                      .dwattr $C$DW$T$18, DW_AT_encoding(DW_ATE_float)
     257                      .dwattr $C$DW$T$18, DW_AT_name("long double")
     258                      .dwattr $C$DW$T$18, DW_AT_byte_size(0x04)
     259                      .dwattr $C$DW$CU, DW_AT_language(DW_LANG_C)
     260              
     261              ;***************************************************************
     262              ;* DWARF CIE ENTRIES                                           *
     263              ;***************************************************************
     264              
     265              $C$DW$CIE       .dwcie 26
     266                      .dwcfi  cfa_register, 20
     267                      .dwcfi  cfa_offset, 0
     268                      .dwcfi  undefined, 0
     269                      .dwcfi  undefined, 1
     270                      .dwcfi  undefined, 2
     271                      .dwcfi  undefined, 3
     272                      .dwcfi  undefined, 20
TMS320C2000 Assembler PC v6.4.2 Thu Dec 14 13:37:57 2017

Tools Copyright (c) 1996-2015 Texas Instruments Incorporated
hal_button.asm                                                       PAGE    6

     273                      .dwcfi  undefined, 21
     274                      .dwcfi  undefined, 22
     275                      .dwcfi  undefined, 23
     276                      .dwcfi  undefined, 24
     277                      .dwcfi  undefined, 25
     278                      .dwcfi  undefined, 26
     279                      .dwcfi  same_value, 28
     280                      .dwcfi  undefined, 29
     281                      .dwcfi  undefined, 30
     282                      .dwcfi  undefined, 31
     283                      .dwcfi  undefined, 32
     284                      .dwcfi  undefined, 33
     285                      .dwcfi  undefined, 34
     286                      .dwcfi  undefined, 35
     287                      .dwcfi  undefined, 36
     288                      .dwcfi  undefined, 37
     289                      .dwcfi  undefined, 38
     290                      .dwcfi  undefined, 75
     291                      .dwcfi  undefined, 76
     292                      .dwcfi  undefined, 77
     293                      .dwcfi  undefined, 4
     294                      .dwcfi  undefined, 5
     295                      .dwcfi  same_value, 6
     296                      .dwcfi  same_value, 7
     297                      .dwcfi  same_value, 8
     298                      .dwcfi  same_value, 9
     299                      .dwcfi  same_value, 10
     300                      .dwcfi  same_value, 11
     301                      .dwcfi  undefined, 12
     302                      .dwcfi  undefined, 13
     303                      .dwcfi  undefined, 14
     304                      .dwcfi  undefined, 15
     305                      .dwcfi  undefined, 16
     306                      .dwcfi  undefined, 17
     307                      .dwcfi  undefined, 18
     308                      .dwcfi  undefined, 19
     309                      .dwcfi  undefined, 43
     310                      .dwcfi  undefined, 44
     311                      .dwcfi  undefined, 47
     312                      .dwcfi  undefined, 48
     313                      .dwcfi  undefined, 51
     314                      .dwcfi  undefined, 52
     315                      .dwcfi  undefined, 55
     316                      .dwcfi  undefined, 56
     317                      .dwcfi  same_value, 59
     318                      .dwcfi  same_value, 60
     319                      .dwcfi  same_value, 63
     320                      .dwcfi  same_value, 64
     321                      .dwcfi  same_value, 67
     322                      .dwcfi  same_value, 68
     323                      .dwcfi  same_value, 71
     324                      .dwcfi  same_value, 72
     325                      .dwcfi  undefined, 73
     326                      .dwcfi  undefined, 74
     327                      .dwcfi  undefined, 39
TMS320C2000 Assembler PC v6.4.2 Thu Dec 14 13:37:57 2017

Tools Copyright (c) 1996-2015 Texas Instruments Incorporated
hal_button.asm                                                       PAGE    7

     328                      .dwcfi  undefined, 40
     329                      .dwcfi  undefined, 27
     330                      .dwendentry
     331              
     332              ;***************************************************************
     333              ;* DWARF REGISTER MAP                                          *
     334              ;***************************************************************
     335              
     336              $C$DW$20        .dwtag  DW_TAG_TI_assign_register, DW_AT_name("AL")
     337                      .dwattr $C$DW$20, DW_AT_location[DW_OP_reg0]
     338              $C$DW$21        .dwtag  DW_TAG_TI_assign_register, DW_AT_name("AH")
     339                      .dwattr $C$DW$21, DW_AT_location[DW_OP_reg1]
     340              $C$DW$22        .dwtag  DW_TAG_TI_assign_register, DW_AT_name("PL")
     341                      .dwattr $C$DW$22, DW_AT_location[DW_OP_reg2]
     342              $C$DW$23        .dwtag  DW_TAG_TI_assign_register, DW_AT_name("PH")
     343                      .dwattr $C$DW$23, DW_AT_location[DW_OP_reg3]
     344              $C$DW$24        .dwtag  DW_TAG_TI_assign_register, DW_AT_name("SP")
     345                      .dwattr $C$DW$24, DW_AT_location[DW_OP_reg20]
     346              $C$DW$25        .dwtag  DW_TAG_TI_assign_register, DW_AT_name("XT")
     347                      .dwattr $C$DW$25, DW_AT_location[DW_OP_reg21]
     348              $C$DW$26        .dwtag  DW_TAG_TI_assign_register, DW_AT_name("T")
     349                      .dwattr $C$DW$26, DW_AT_location[DW_OP_reg22]
     350              $C$DW$27        .dwtag  DW_TAG_TI_assign_register, DW_AT_name("ST0")
     351                      .dwattr $C$DW$27, DW_AT_location[DW_OP_reg23]
     352              $C$DW$28        .dwtag  DW_TAG_TI_assign_register, DW_AT_name("ST1")
     353                      .dwattr $C$DW$28, DW_AT_location[DW_OP_reg24]
     354              $C$DW$29        .dwtag  DW_TAG_TI_assign_register, DW_AT_name("PC")
     355                      .dwattr $C$DW$29, DW_AT_location[DW_OP_reg25]
     356              $C$DW$30        .dwtag  DW_TAG_TI_assign_register, DW_AT_name("RPC")
     357                      .dwattr $C$DW$30, DW_AT_location[DW_OP_reg26]
     358              $C$DW$31        .dwtag  DW_TAG_TI_assign_register, DW_AT_name("FP")
     359                      .dwattr $C$DW$31, DW_AT_location[DW_OP_reg28]
     360              $C$DW$32        .dwtag  DW_TAG_TI_assign_register, DW_AT_name("DP")
     361                      .dwattr $C$DW$32, DW_AT_location[DW_OP_reg29]
     362              $C$DW$33        .dwtag  DW_TAG_TI_assign_register, DW_AT_name("SXM")
     363                      .dwattr $C$DW$33, DW_AT_location[DW_OP_reg30]
     364              $C$DW$34        .dwtag  DW_TAG_TI_assign_register, DW_AT_name("PM")
     365                      .dwattr $C$DW$34, DW_AT_location[DW_OP_reg31]
     366              $C$DW$35        .dwtag  DW_TAG_TI_assign_register, DW_AT_name("OVM")
     367                      .dwattr $C$DW$35, DW_AT_location[DW_OP_regx 0x20]
     368              $C$DW$36        .dwtag  DW_TAG_TI_assign_register, DW_AT_name("PAGE0")
     369                      .dwattr $C$DW$36, DW_AT_location[DW_OP_regx 0x21]
     370              $C$DW$37        .dwtag  DW_TAG_TI_assign_register, DW_AT_name("AMODE")
     371                      .dwattr $C$DW$37, DW_AT_location[DW_OP_regx 0x22]
     372              $C$DW$38        .dwtag  DW_TAG_TI_assign_register, DW_AT_name("INTM")
     373                      .dwattr $C$DW$38, DW_AT_location[DW_OP_regx 0x23]
     374              $C$DW$39        .dwtag  DW_TAG_TI_assign_register, DW_AT_name("IFR")
     375                      .dwattr $C$DW$39, DW_AT_location[DW_OP_regx 0x24]
     376              $C$DW$40        .dwtag  DW_TAG_TI_assign_register, DW_AT_name("IER")
     377                      .dwattr $C$DW$40, DW_AT_location[DW_OP_regx 0x25]
     378              $C$DW$41        .dwtag  DW_TAG_TI_assign_register, DW_AT_name("V")
     379                      .dwattr $C$DW$41, DW_AT_location[DW_OP_regx 0x26]
     380              $C$DW$42        .dwtag  DW_TAG_TI_assign_register, DW_AT_name("PSEUDOH")
     381                      .dwattr $C$DW$42, DW_AT_location[DW_OP_regx 0x4c]
     382              $C$DW$43        .dwtag  DW_TAG_TI_assign_register, DW_AT_name("VOL")
TMS320C2000 Assembler PC v6.4.2 Thu Dec 14 13:37:57 2017

Tools Copyright (c) 1996-2015 Texas Instruments Incorporated
hal_button.asm                                                       PAGE    8

     383                      .dwattr $C$DW$43, DW_AT_location[DW_OP_regx 0x4d]
     384              $C$DW$44        .dwtag  DW_TAG_TI_assign_register, DW_AT_name("AR0")
     385                      .dwattr $C$DW$44, DW_AT_location[DW_OP_reg4]
     386              $C$DW$45        .dwtag  DW_TAG_TI_assign_register, DW_AT_name("XAR0")
     387                      .dwattr $C$DW$45, DW_AT_location[DW_OP_reg5]
     388              $C$DW$46        .dwtag  DW_TAG_TI_assign_register, DW_AT_name("AR1")
     389                      .dwattr $C$DW$46, DW_AT_location[DW_OP_reg6]
     390              $C$DW$47        .dwtag  DW_TAG_TI_assign_register, DW_AT_name("XAR1")
     391                      .dwattr $C$DW$47, DW_AT_location[DW_OP_reg7]
     392              $C$DW$48        .dwtag  DW_TAG_TI_assign_register, DW_AT_name("AR2")
     393                      .dwattr $C$DW$48, DW_AT_location[DW_OP_reg8]
     394              $C$DW$49        .dwtag  DW_TAG_TI_assign_register, DW_AT_name("XAR2")
     395                      .dwattr $C$DW$49, DW_AT_location[DW_OP_reg9]
     396              $C$DW$50        .dwtag  DW_TAG_TI_assign_register, DW_AT_name("AR3")
     397                      .dwattr $C$DW$50, DW_AT_location[DW_OP_reg10]
     398              $C$DW$51        .dwtag  DW_TAG_TI_assign_register, DW_AT_name("XAR3")
     399                      .dwattr $C$DW$51, DW_AT_location[DW_OP_reg11]
     400              $C$DW$52        .dwtag  DW_TAG_TI_assign_register, DW_AT_name("AR4")
     401                      .dwattr $C$DW$52, DW_AT_location[DW_OP_reg12]
     402              $C$DW$53        .dwtag  DW_TAG_TI_assign_register, DW_AT_name("XAR4")
     403                      .dwattr $C$DW$53, DW_AT_location[DW_OP_reg13]
     404              $C$DW$54        .dwtag  DW_TAG_TI_assign_register, DW_AT_name("AR5")
     405                      .dwattr $C$DW$54, DW_AT_location[DW_OP_reg14]
     406              $C$DW$55        .dwtag  DW_TAG_TI_assign_register, DW_AT_name("XAR5")
     407                      .dwattr $C$DW$55, DW_AT_location[DW_OP_reg15]
     408              $C$DW$56        .dwtag  DW_TAG_TI_assign_register, DW_AT_name("AR6")
     409                      .dwattr $C$DW$56, DW_AT_location[DW_OP_reg16]
     410              $C$DW$57        .dwtag  DW_TAG_TI_assign_register, DW_AT_name("XAR6")
     411                      .dwattr $C$DW$57, DW_AT_location[DW_OP_reg17]
     412              $C$DW$58        .dwtag  DW_TAG_TI_assign_register, DW_AT_name("AR7")
     413                      .dwattr $C$DW$58, DW_AT_location[DW_OP_reg18]
     414              $C$DW$59        .dwtag  DW_TAG_TI_assign_register, DW_AT_name("XAR7")
     415                      .dwattr $C$DW$59, DW_AT_location[DW_OP_reg19]
     416              $C$DW$60        .dwtag  DW_TAG_TI_assign_register, DW_AT_name("R0HL")
     417                      .dwattr $C$DW$60, DW_AT_location[DW_OP_regx 0x2b]
     418              $C$DW$61        .dwtag  DW_TAG_TI_assign_register, DW_AT_name("R0H")
     419                      .dwattr $C$DW$61, DW_AT_location[DW_OP_regx 0x2c]
     420              $C$DW$62        .dwtag  DW_TAG_TI_assign_register, DW_AT_name("R1HL")
     421                      .dwattr $C$DW$62, DW_AT_location[DW_OP_regx 0x2f]
     422              $C$DW$63        .dwtag  DW_TAG_TI_assign_register, DW_AT_name("R1H")
     423                      .dwattr $C$DW$63, DW_AT_location[DW_OP_regx 0x30]
     424              $C$DW$64        .dwtag  DW_TAG_TI_assign_register, DW_AT_name("R2HL")
     425                      .dwattr $C$DW$64, DW_AT_location[DW_OP_regx 0x33]
     426              $C$DW$65        .dwtag  DW_TAG_TI_assign_register, DW_AT_name("R2H")
     427                      .dwattr $C$DW$65, DW_AT_location[DW_OP_regx 0x34]
     428              $C$DW$66        .dwtag  DW_TAG_TI_assign_register, DW_AT_name("R3HL")
     429                      .dwattr $C$DW$66, DW_AT_location[DW_OP_regx 0x37]
     430              $C$DW$67        .dwtag  DW_TAG_TI_assign_register, DW_AT_name("R3H")
     431                      .dwattr $C$DW$67, DW_AT_location[DW_OP_regx 0x38]
     432              $C$DW$68        .dwtag  DW_TAG_TI_assign_register, DW_AT_name("R4HL")
     433                      .dwattr $C$DW$68, DW_AT_location[DW_OP_regx 0x3b]
     434              $C$DW$69        .dwtag  DW_TAG_TI_assign_register, DW_AT_name("R4H")
     435                      .dwattr $C$DW$69, DW_AT_location[DW_OP_regx 0x3c]
     436              $C$DW$70        .dwtag  DW_TAG_TI_assign_register, DW_AT_name("R5HL")
     437                      .dwattr $C$DW$70, DW_AT_location[DW_OP_regx 0x3f]
TMS320C2000 Assembler PC v6.4.2 Thu Dec 14 13:37:57 2017

Tools Copyright (c) 1996-2015 Texas Instruments Incorporated
hal_button.asm                                                       PAGE    9

     438              $C$DW$71        .dwtag  DW_TAG_TI_assign_register, DW_AT_name("R5H")
     439                      .dwattr $C$DW$71, DW_AT_location[DW_OP_regx 0x40]
     440              $C$DW$72        .dwtag  DW_TAG_TI_assign_register, DW_AT_name("R6HL")
     441                      .dwattr $C$DW$72, DW_AT_location[DW_OP_regx 0x43]
     442              $C$DW$73        .dwtag  DW_TAG_TI_assign_register, DW_AT_name("R6H")
     443                      .dwattr $C$DW$73, DW_AT_location[DW_OP_regx 0x44]
     444              $C$DW$74        .dwtag  DW_TAG_TI_assign_register, DW_AT_name("R7HL")
     445                      .dwattr $C$DW$74, DW_AT_location[DW_OP_regx 0x47]
     446              $C$DW$75        .dwtag  DW_TAG_TI_assign_register, DW_AT_name("R7H")
     447                      .dwattr $C$DW$75, DW_AT_location[DW_OP_regx 0x48]
     448              $C$DW$76        .dwtag  DW_TAG_TI_assign_register, DW_AT_name("RBL")
     449                      .dwattr $C$DW$76, DW_AT_location[DW_OP_regx 0x49]
     450              $C$DW$77        .dwtag  DW_TAG_TI_assign_register, DW_AT_name("RB")
     451                      .dwattr $C$DW$77, DW_AT_location[DW_OP_regx 0x4a]
     452              $C$DW$78        .dwtag  DW_TAG_TI_assign_register, DW_AT_name("STFL")
     453                      .dwattr $C$DW$78, DW_AT_location[DW_OP_regx 0x27]
     454              $C$DW$79        .dwtag  DW_TAG_TI_assign_register, DW_AT_name("STF")
     455                      .dwattr $C$DW$79, DW_AT_location[DW_OP_regx 0x28]
     456              $C$DW$80        .dwtag  DW_TAG_TI_assign_register, DW_AT_name("FPUHAZ")
     457                      .dwattr $C$DW$80, DW_AT_location[DW_OP_reg27]
     458                      .dwendtag $C$DW$CU
     459              

No Assembly Errors, No Assembly Warnings
