TMS320C2000 Assembler PC v6.4.2 Thu Dec 14 15:27:15 2017

Tools Copyright (c) 1996-2015 Texas Instruments Incorporated
steering_control.asm                                                 PAGE    1

       1              ;***************************************************************
       2              ;* TMS320C2000 C/C++ Codegen                         PC v6.4.2 *
       3              ;* Date/Time created: Thu Dec 14 15:27:14 2017                 *
       4              ;***************************************************************
       5                      .compiler_opts --cla_support=cla0 --float_support=fpu32 --hll_source=on --mem_model:code=flat --mem_m
       6        0002  FP      .set    XAR2
       7              
       8              $C$DW$CU        .dwtag  DW_TAG_compile_unit
       9                      .dwattr $C$DW$CU, DW_AT_name("../Source/App/steering_control.c")
      10                      .dwattr $C$DW$CU, DW_AT_producer("TI TMS320C2000 C/C++ Codegen PC v6.4.2 Copyright (c) 1996-2015 Texa
      11                      .dwattr $C$DW$CU, DW_AT_TI_version(0x01)
      12                      .dwattr $C$DW$CU, DW_AT_comp_dir("U:\02_MSE\MT\07_Software\CCS_workspace\DiffDrive_v0.93\F2837x_FLASH
      13              
      14              $C$DW$1 .dwtag  DW_TAG_subprogram, DW_AT_name("get_potentiometer_zero")
      15                      .dwattr $C$DW$1, DW_AT_TI_symbol_name("_get_potentiometer_zero")
      16                      .dwattr $C$DW$1, DW_AT_type(*$C$DW$T$26)
      17                      .dwattr $C$DW$1, DW_AT_declaration
      18                      .dwattr $C$DW$1, DW_AT_external
      19              
      20              $C$DW$2 .dwtag  DW_TAG_subprogram, DW_AT_name("get_left_wheel_factor")
      21                      .dwattr $C$DW$2, DW_AT_TI_symbol_name("_get_left_wheel_factor")
      22                      .dwattr $C$DW$2, DW_AT_type(*$C$DW$T$16)
      23                      .dwattr $C$DW$2, DW_AT_declaration
      24                      .dwattr $C$DW$2, DW_AT_external
      25              
      26              $C$DW$3 .dwtag  DW_TAG_subprogram, DW_AT_name("get_KI")
      27                      .dwattr $C$DW$3, DW_AT_TI_symbol_name("_get_KI")
      28                      .dwattr $C$DW$3, DW_AT_type(*$C$DW$T$16)
      29                      .dwattr $C$DW$3, DW_AT_declaration
      30                      .dwattr $C$DW$3, DW_AT_external
      31              
      32              $C$DW$4 .dwtag  DW_TAG_subprogram, DW_AT_name("get_right_wheel_factor")
      33                      .dwattr $C$DW$4, DW_AT_TI_symbol_name("_get_right_wheel_factor")
      34                      .dwattr $C$DW$4, DW_AT_type(*$C$DW$T$16)
      35                      .dwattr $C$DW$4, DW_AT_declaration
      36                      .dwattr $C$DW$4, DW_AT_external
      37              
      38              $C$DW$5 .dwtag  DW_TAG_subprogram, DW_AT_name("get_KP")
      39                      .dwattr $C$DW$5, DW_AT_TI_symbol_name("_get_KP")
      40                      .dwattr $C$DW$5, DW_AT_type(*$C$DW$T$16)
      41                      .dwattr $C$DW$5, DW_AT_declaration
      42                      .dwattr $C$DW$5, DW_AT_external
      43              ;       C:\ti\ccsv6\tools\compiler\ti-cgt-c2000_6.4.2\bin\ac2000.exe -@C:\\Users\\ficm\\AppData\\Local\\Temp\
      44 00000000               .sect   ".text"
      45                      .clink
      46                      .global _control_steering
      47              
      48              $C$DW$6 .dwtag  DW_TAG_subprogram, DW_AT_name("control_steering")
      49                      .dwattr $C$DW$6, DW_AT_low_pc(_control_steering)
      50                      .dwattr $C$DW$6, DW_AT_high_pc(0x00)
      51                      .dwattr $C$DW$6, DW_AT_TI_symbol_name("_control_steering")
      52                      .dwattr $C$DW$6, DW_AT_external
      53                      .dwattr $C$DW$6, DW_AT_TI_begin_file("../Source/App/steering_control.c")
      54                      .dwattr $C$DW$6, DW_AT_TI_begin_line(0x15)
      55                      .dwattr $C$DW$6, DW_AT_TI_begin_column(0x06)
TMS320C2000 Assembler PC v6.4.2 Thu Dec 14 15:27:15 2017

Tools Copyright (c) 1996-2015 Texas Instruments Incorporated
steering_control.asm                                                 PAGE    2

      56                      .dwattr $C$DW$6, DW_AT_TI_max_frame_size(-12)
      57                      .dwpsn  file "../Source/App/steering_control.c",line 22,column 1,is_stmt,address _control_steering,is
      58              
      59                      .dwfde $C$DW$CIE, _control_steering
      60              $C$DW$7 .dwtag  DW_TAG_formal_parameter, DW_AT_name("control_instruction")
      61                      .dwattr $C$DW$7, DW_AT_TI_symbol_name("_control_instruction")
      62                      .dwattr $C$DW$7, DW_AT_type(*$C$DW$T$23)
      63                      .dwattr $C$DW$7, DW_AT_location[DW_OP_reg12]
      64              
      65              ;***************************************************************
      66              ;* FNAME: _control_steering             FR SIZE:  10           *
      67              ;*                                                             *
      68              ;* FUNCTION ENVIRONMENT                                        *
      69              ;*                                                             *
      70              ;* FUNCTION PROPERTIES                                         *
      71              ;*                            2 Parameter,  8 Auto,  0 SOE     *
      72              ;***************************************************************
      73              
      74 00000000       _control_steering:
      75                      .dwcfi  cfa_offset, -2
      76                      .dwcfi  save_reg_to_mem, 26, 0
      77 00000000 FE0A          ADDB      SP,#10                ; [CPU_U] 
      78                      .dwcfi  cfa_offset, -12
      79              $C$DW$8 .dwtag  DW_TAG_variable, DW_AT_name("control_instruction")
      80                      .dwattr $C$DW$8, DW_AT_TI_symbol_name("_control_instruction")
      81                      .dwattr $C$DW$8, DW_AT_type(*$C$DW$T$23)
      82                      .dwattr $C$DW$8, DW_AT_location[DW_OP_breg20 -4]
      83              $C$DW$9 .dwtag  DW_TAG_variable, DW_AT_name("motor_neutral_speed")
      84                      .dwattr $C$DW$9, DW_AT_TI_symbol_name("_motor_neutral_speed")
      85                      .dwattr $C$DW$9, DW_AT_type(*$C$DW$T$19)
      86                      .dwattr $C$DW$9, DW_AT_location[DW_OP_breg20 -6]
      87              $C$DW$10        .dwtag  DW_TAG_variable, DW_AT_name("speed_factor_right")
      88                      .dwattr $C$DW$10, DW_AT_TI_symbol_name("_speed_factor_right")
      89                      .dwattr $C$DW$10, DW_AT_type(*$C$DW$T$19)
      90                      .dwattr $C$DW$10, DW_AT_location[DW_OP_breg20 -8]
      91              $C$DW$11        .dwtag  DW_TAG_variable, DW_AT_name("speed_factor_left")
      92                      .dwattr $C$DW$11, DW_AT_TI_symbol_name("_speed_factor_left")
      93                      .dwattr $C$DW$11, DW_AT_type(*$C$DW$T$19)
      94                      .dwattr $C$DW$11, DW_AT_location[DW_OP_breg20 -10]
      95 00000001 A844          MOVL      *-SP[4],XAR4          ; [CPU_] |22| 
      96                      .dwpsn  file "../Source/App/steering_control.c",line 27,column 2,is_stmt,isa 0
      97 00000002 06C4          MOVL      ACC,*+XAR4[0]         ; [CPU_] |27| 
      98 00000003 1E46          MOVL      *-SP[6],ACC           ; [CPU_] |27| 
      99                      .dwpsn  file "../Source/App/steering_control.c",line 30,column 2,is_stmt,isa 0
     100              $C$DW$12        .dwtag  DW_TAG_TI_branch
     101                      .dwattr $C$DW$12, DW_AT_low_pc(0x00)
     102                      .dwattr $C$DW$12, DW_AT_name("_get_right_wheel_factor")
     103                      .dwattr $C$DW$12, DW_AT_TI_call
     104 00000004 7640!         LCR       #_get_right_wheel_factor ; [CPU_] |30| 
         00000005 0000 
     105                      ; call occurs [#_get_right_wheel_factor] ; [] |30| 
     106 00000006 E203          MOV32     *-SP[8],R0H           ; [CPU_] |30| 
         00000007 0048 
     107                      .dwpsn  file "../Source/App/steering_control.c",line 31,column 2,is_stmt,isa 0
     108              $C$DW$13        .dwtag  DW_TAG_TI_branch
TMS320C2000 Assembler PC v6.4.2 Thu Dec 14 15:27:15 2017

Tools Copyright (c) 1996-2015 Texas Instruments Incorporated
steering_control.asm                                                 PAGE    3

     109                      .dwattr $C$DW$13, DW_AT_low_pc(0x00)
     110                      .dwattr $C$DW$13, DW_AT_name("_get_left_wheel_factor")
     111                      .dwattr $C$DW$13, DW_AT_TI_call
     112 00000008 7640!         LCR       #_get_left_wheel_factor ; [CPU_] |31| 
         00000009 0000 
     113                      ; call occurs [#_get_left_wheel_factor] ; [] |31| 
     114 0000000a E203          MOV32     *-SP[10],R0H          ; [CPU_] |31| 
         0000000b 004A 
     115                      .dwpsn  file "../Source/App/steering_control.c",line 42,column 2,is_stmt,isa 0
     116 0000000c 8A44          MOVL      XAR4,*-SP[4]          ; [CPU_] |42| 
     117 0000000d E2AF          MOV32     R0H,*+XAR4[2]         ; [CPU_] |42| 
         0000000e 00D4 
     118 0000000f E5A0          CMPF32    R0H,#0                ; [CPU_] |42| 
     119 00000010 AD14          MOVST0    ZF, NF                ; [CPU_] |42| 
     120 00000011 56C4          BF        $C$L1,LT              ; [CPU_] |42| 
         00000012 001A 
     121                      ; branchcc occurs ; [] |42| 
     122                      .dwpsn  file "../Source/App/steering_control.c",line 43,column 3,is_stmt,isa 0
     123 00000013 0214          MOVB      ACC,#20               ; [CPU_] |43| 
     124 00000014 0744          ADDL      ACC,*-SP[4]           ; [CPU_] |43| 
     125 00000015 8AA9          MOVL      XAR4,ACC              ; [CPU_] |43| 
     126 00000016 E801          MOVIZ     R0H,#16256            ; [CPU_] |43| 
         00000017 FC00 
     127 00000018 E203          MOV32     *+XAR4[0],R0H         ; [CPU_] |43| 
         00000019 00C4 
     128                      .dwpsn  file "../Source/App/steering_control.c",line 44,column 3,is_stmt,isa 0
     129 0000001a 8A44          MOVL      XAR4,*-SP[4]          ; [CPU_] |44| 
     130 0000001b E805          MOVIZ     R0H,#48438            ; [CPU_] |44| 
         0000001c E9B0 
     131 0000001d 0216          MOVB      ACC,#22               ; [CPU_] |44| 
     132 0000001e E808          MOVXI     R0H,#2913             ; [CPU_] |44| 
         0000001f 5B08 
     133 00000020 E2AF          MOV32     R1H,*+XAR4[2]         ; [CPU_] |44| 
         00000021 01D4 
     134 00000022 E700          MPYF32    R0H,R1H,R0H           ; [CPU_] |44| 
         00000023 0008 
     135 00000024 0744          ADDL      ACC,*-SP[4]           ; [CPU_] |44| 
     136 00000025 E88F          ADDF32    R0H,R0H,#16256        ; [CPU_] |44| 
         00000026 E000 
     137 00000027 8AA9          MOVL      XAR4,ACC              ; [CPU_] |44| 
     138 00000028 E203          MOV32     *+XAR4[0],R0H         ; [CPU_] |44| 
         00000029 00C4 
     139                      .dwpsn  file "../Source/App/steering_control.c",line 45,column 2,is_stmt,isa 0
     140 0000002a 6F17          B         $C$L2,UNC             ; [CPU_] |45| 
     141                      ; branch occurs ; [] |45| 
     142 0000002b       $C$L1:    
     143                      .dwpsn  file "../Source/App/steering_control.c",line 47,column 3,is_stmt,isa 0
     144 0000002b E801          MOVIZ     R0H,#15670            ; [CPU_] |47| 
         0000002c E9B0 
     145 0000002d E2AF          MOV32     R1H,*+XAR4[2]         ; [CPU_] |47| 
         0000002e 01D4 
     146 0000002f 0214          MOVB      ACC,#20               ; [CPU_] |47| 
     147 00000030 E808          MOVXI     R0H,#2913             ; [CPU_] |47| 
         00000031 5B08 
     148 00000032 E700          MPYF32    R0H,R1H,R0H           ; [CPU_] |47| 
TMS320C2000 Assembler PC v6.4.2 Thu Dec 14 15:27:15 2017

Tools Copyright (c) 1996-2015 Texas Instruments Incorporated
steering_control.asm                                                 PAGE    4

         00000033 0008 
     149 00000034 0744          ADDL      ACC,*-SP[4]           ; [CPU_] |47| 
     150 00000035 E88F          ADDF32    R0H,R0H,#16256        ; [CPU_] |47| 
         00000036 E000 
     151 00000037 8AA9          MOVL      XAR4,ACC              ; [CPU_] |47| 
     152 00000038 E203          MOV32     *+XAR4[0],R0H         ; [CPU_] |47| 
         00000039 00C4 
     153                      .dwpsn  file "../Source/App/steering_control.c",line 48,column 3,is_stmt,isa 0
     154 0000003a 0216          MOVB      ACC,#22               ; [CPU_] |48| 
     155 0000003b 0744          ADDL      ACC,*-SP[4]           ; [CPU_] |48| 
     156 0000003c 8AA9          MOVL      XAR4,ACC              ; [CPU_] |48| 
     157 0000003d E801          MOVIZ     R0H,#16256            ; [CPU_] |48| 
         0000003e FC00 
     158 0000003f E203          MOV32     *+XAR4[0],R0H         ; [CPU_] |48| 
         00000040 00C4 
     159 00000041       $C$L2:    
     160                      .dwpsn  file "../Source/App/steering_control.c",line 53,column 2,is_stmt,isa 0
     161 00000041 0214          MOVB      ACC,#20               ; [CPU_] |53| 
     162 00000042 0744          ADDL      ACC,*-SP[4]           ; [CPU_] |53| 
     163 00000043 8AA9          MOVL      XAR4,ACC              ; [CPU_] |53| 
     164 00000044 E2AF          MOV32     R0H,*-SP[6]           ; [CPU_] |53| 
         00000045 0046 
     165 00000046 E6AF          NEGF32    R0H,R0H               ; [CPU_] |53| 
         00000047 0000 
     166 00000048 8344          MOVL      XAR5,*-SP[4]          ; [CPU_] |53| 
     167 00000049 E2AF          MOV32     R1H,*+XAR4[0]         ; [CPU_] |53| 
         0000004a 01C4 
     168              
     169 0000004b E300          MPYF32    R0H,R1H,R0H           ; [CPU_] |53| 
         0000004c 4348 
     170              ||      MOV32     R3H,*-SP[8]           ; [CPU_] |53| 
     171              
     172 0000004d 0210          MOVB      ACC,#16               ; [CPU_] |53| 
     173              
     174 0000004e E300          MPYF32    R0H,R3H,R0H           ; [CPU_] |53| 
         0000004f C2F5 
     175              ||      MOV32     R2H,*+XAR5[6]         ; [CPU_] |53| 
     176              
     177 00000050 0744          ADDL      ACC,*-SP[4]           ; [CPU_] |53| 
     178 00000051 E700          MPYF32    R0H,R2H,R0H           ; [CPU_] |53| 
         00000052 0010 
     179 00000053 8AA9          MOVL      XAR4,ACC              ; [CPU_] |53| 
     180 00000054 E203          MOV32     *+XAR4[0],R0H         ; [CPU_] |53| 
         00000055 00C4 
     181                      .dwpsn  file "../Source/App/steering_control.c",line 54,column 2,is_stmt,isa 0
     182 00000056 0216          MOVB      ACC,#22               ; [CPU_] |54| 
     183 00000057 0744          ADDL      ACC,*-SP[4]           ; [CPU_] |54| 
     184 00000058 8AA9          MOVL      XAR4,ACC              ; [CPU_] |54| 
     185 00000059 E2AF          MOV32     R0H,*-SP[6]           ; [CPU_] |54| 
         0000005a 0046 
     186 0000005b 8344          MOVL      XAR5,*-SP[4]          ; [CPU_] |54| 
     187 0000005c E2AF          MOV32     R1H,*+XAR4[0]         ; [CPU_] |54| 
         0000005d 01C4 
     188              
     189 0000005e E300          MPYF32    R0H,R1H,R0H           ; [CPU_] |54| 
TMS320C2000 Assembler PC v6.4.2 Thu Dec 14 15:27:15 2017

Tools Copyright (c) 1996-2015 Texas Instruments Incorporated
steering_control.asm                                                 PAGE    5

         0000005f 434A 
     190              ||      MOV32     R3H,*-SP[10]          ; [CPU_] |54| 
     191              
     192 00000060 0212          MOVB      ACC,#18               ; [CPU_] |54| 
     193              
     194 00000061 E300          MPYF32    R0H,R3H,R0H           ; [CPU_] |54| 
         00000062 C2F5 
     195              ||      MOV32     R2H,*+XAR5[6]         ; [CPU_] |54| 
     196              
     197 00000063 0744          ADDL      ACC,*-SP[4]           ; [CPU_] |54| 
     198 00000064 E700          MPYF32    R0H,R2H,R0H           ; [CPU_] |54| 
         00000065 0010 
     199 00000066 8AA9          MOVL      XAR4,ACC              ; [CPU_] |54| 
     200 00000067 E203          MOV32     *+XAR4[0],R0H         ; [CPU_] |54| 
         00000068 00C4 
     201                      .dwpsn  file "../Source/App/steering_control.c",line 55,column 1,is_stmt,isa 0
     202 00000069 FE8A          SUBB      SP,#10                ; [CPU_U] 
     203                      .dwcfi  cfa_offset, -2
     204              $C$DW$14        .dwtag  DW_TAG_TI_branch
     205                      .dwattr $C$DW$14, DW_AT_low_pc(0x00)
     206                      .dwattr $C$DW$14, DW_AT_TI_return
     207 0000006a 0006          LRETR     ; [CPU_] 
     208                      ; return occurs ; [] 
     209                      .dwattr $C$DW$6, DW_AT_TI_end_file("../Source/App/steering_control.c")
     210                      .dwattr $C$DW$6, DW_AT_TI_end_line(0x37)
     211                      .dwattr $C$DW$6, DW_AT_TI_end_column(0x01)
     212                      .dwendentry
     213                      .dwendtag $C$DW$6
     214              
     215 0000006b               .sect   ".text"
     216                      .clink
     217                      .global _init_steering_control
     218              
     219              $C$DW$15        .dwtag  DW_TAG_subprogram, DW_AT_name("init_steering_control")
     220                      .dwattr $C$DW$15, DW_AT_low_pc(_init_steering_control)
     221                      .dwattr $C$DW$15, DW_AT_high_pc(0x00)
     222                      .dwattr $C$DW$15, DW_AT_TI_symbol_name("_init_steering_control")
     223                      .dwattr $C$DW$15, DW_AT_external
     224                      .dwattr $C$DW$15, DW_AT_TI_begin_file("../Source/App/steering_control.c")
     225                      .dwattr $C$DW$15, DW_AT_TI_begin_line(0x39)
     226                      .dwattr $C$DW$15, DW_AT_TI_begin_column(0x06)
     227                      .dwattr $C$DW$15, DW_AT_TI_max_frame_size(-6)
     228                      .dwpsn  file "../Source/App/steering_control.c",line 57,column 92,is_stmt,address _init_steering_cont
     229              
     230                      .dwfde $C$DW$CIE, _init_steering_control
     231              $C$DW$16        .dwtag  DW_TAG_formal_parameter, DW_AT_name("control_instruction")
     232                      .dwattr $C$DW$16, DW_AT_TI_symbol_name("_control_instruction")
     233                      .dwattr $C$DW$16, DW_AT_type(*$C$DW$T$23)
     234                      .dwattr $C$DW$16, DW_AT_location[DW_OP_reg12]
     235              $C$DW$17        .dwtag  DW_TAG_formal_parameter, DW_AT_name("speed_base_rpm")
     236                      .dwattr $C$DW$17, DW_AT_TI_symbol_name("_speed_base_rpm")
     237                      .dwattr $C$DW$17, DW_AT_type(*$C$DW$T$20)
     238                      .dwattr $C$DW$17, DW_AT_location[DW_OP_reg0]
     239              
     240              ;***************************************************************
TMS320C2000 Assembler PC v6.4.2 Thu Dec 14 15:27:15 2017

Tools Copyright (c) 1996-2015 Texas Instruments Incorporated
steering_control.asm                                                 PAGE    6

     241              ;* FNAME: _init_steering_control        FR SIZE:   4           *
     242              ;*                                                             *
     243              ;* FUNCTION ENVIRONMENT                                        *
     244              ;*                                                             *
     245              ;* FUNCTION PROPERTIES                                         *
     246              ;*                            0 Parameter,  4 Auto,  0 SOE     *
     247              ;***************************************************************
     248              
     249 0000006b       _init_steering_control:
     250                      .dwcfi  cfa_offset, -2
     251                      .dwcfi  save_reg_to_mem, 26, 0
     252 0000006b FE04          ADDB      SP,#4                 ; [CPU_U] 
     253                      .dwcfi  cfa_offset, -6
     254              $C$DW$18        .dwtag  DW_TAG_variable, DW_AT_name("control_instruction")
     255                      .dwattr $C$DW$18, DW_AT_TI_symbol_name("_control_instruction")
     256                      .dwattr $C$DW$18, DW_AT_type(*$C$DW$T$23)
     257                      .dwattr $C$DW$18, DW_AT_location[DW_OP_breg20 -2]
     258              $C$DW$19        .dwtag  DW_TAG_variable, DW_AT_name("speed_base_rpm")
     259                      .dwattr $C$DW$19, DW_AT_TI_symbol_name("_speed_base_rpm")
     260                      .dwattr $C$DW$19, DW_AT_type(*$C$DW$T$20)
     261                      .dwattr $C$DW$19, DW_AT_location[DW_OP_breg20 -4]
     262 0000006c 1E44          MOVL      *-SP[4],ACC           ; [CPU_] |57| 
     263 0000006d A842          MOVL      *-SP[2],XAR4          ; [CPU_] |57| 
     264                      .dwpsn  file "../Source/App/steering_control.c",line 58,column 2,is_stmt,isa 0
     265 0000006e E590          ZERO      R0H                   ; [CPU_] |58| 
     266 0000006f E203          MOV32     *+XAR4[0],R0H         ; [CPU_] |58| 
         00000070 00C4 
     267                      .dwpsn  file "../Source/App/steering_control.c",line 59,column 2,is_stmt,isa 0
     268              $C$DW$20        .dwtag  DW_TAG_TI_branch
     269                      .dwattr $C$DW$20, DW_AT_low_pc(0x00)
     270                      .dwattr $C$DW$20, DW_AT_name("_get_potentiometer_zero")
     271                      .dwattr $C$DW$20, DW_AT_TI_call
     272 00000071 7640!         LCR       #_get_potentiometer_zero ; [CPU_] |59| 
         00000072 0000 
     273                      ; call occurs [#_get_potentiometer_zero] ; [] |59| 
     274 00000073 8A42          MOVL      XAR4,*-SP[2]          ; [CPU_] |59| 
     275 00000074 0EA9          MOVU      ACC,AL                ; [CPU_] |59| 
     276 00000075 1EE4          MOVL      *+XAR4[4],ACC         ; [CPU_] |59| 
     277                      .dwpsn  file "../Source/App/steering_control.c",line 60,column 2,is_stmt,isa 0
     278 00000076 E801          MOVIZ     R0H,#15670            ; [CPU_] |60| 
         00000077 E9B0 
     279 00000078 E284          UI32TOF32 R1H,*-SP[4]           ; [CPU_] |60| 
         00000079 0144 
     280 0000007a E80A          MOVXI     R0H,#17826            ; [CPU_] |60| 
         0000007b 2D10 
     281 0000007c E700          MPYF32    R1H,R0H,R1H           ; [CPU_] |60| 
         0000007d 0041 
     282 0000007e E802          MOVIZ     R0H,#16457            ; [CPU_] |60| 
         0000007f 0248 
     283 00000080 E850          MPYF32    R1H,R1H,#16384        ; [CPU_] |60| 
         00000081 0009 
     284 00000082 E808          MOVXI     R0H,#4059             ; [CPU_] |60| 
         00000083 7ED8 
     285 00000084 E700          MPYF32    R0H,R0H,R1H           ; [CPU_] |60| 
         00000085 0040 
TMS320C2000 Assembler PC v6.4.2 Thu Dec 14 15:27:15 2017

Tools Copyright (c) 1996-2015 Texas Instruments Incorporated
steering_control.asm                                                 PAGE    7

     286 00000086 7700          NOP       ; [CPU_] 
     287 00000087 E802          MOVIZ     R1H,#17008            ; [CPU_] |60| 
         00000088 1381 
     288 00000089 E274          DIVF32    R0H,R1H,R0H           ; [CPU_] |60| 
         0000008a 0008 
     289 0000008b 7700          NOP       ; [CPU_] 
     290 0000008c 7700          NOP       ; [CPU_] 
     291 0000008d 7700          NOP       ; [CPU_] 
     292 0000008e 8A42          MOVL      XAR4,*-SP[2]          ; [CPU_] |60| 
     293 0000008f E203          MOV32     *+XAR4[6],R0H         ; [CPU_] |60| 
         00000090 00F4 
     294                      .dwpsn  file "../Source/App/steering_control.c",line 61,column 2,is_stmt,isa 0
     295              $C$DW$21        .dwtag  DW_TAG_TI_branch
     296                      .dwattr $C$DW$21, DW_AT_low_pc(0x00)
     297                      .dwattr $C$DW$21, DW_AT_name("_get_KP")
     298                      .dwattr $C$DW$21, DW_AT_TI_call
     299 00000091 7640!         LCR       #_get_KP              ; [CPU_] |61| 
         00000092 0000 
     300                      ; call occurs [#_get_KP] ; [] |61| 
     301 00000093 0208          MOVB      ACC,#8                ; [CPU_] |61| 
     302 00000094 0742          ADDL      ACC,*-SP[2]           ; [CPU_] |61| 
     303 00000095 8AA9          MOVL      XAR4,ACC              ; [CPU_] |61| 
     304 00000096 E203          MOV32     *+XAR4[0],R0H         ; [CPU_] |61| 
         00000097 00C4 
     305                      .dwpsn  file "../Source/App/steering_control.c",line 62,column 2,is_stmt,isa 0
     306              $C$DW$22        .dwtag  DW_TAG_TI_branch
     307                      .dwattr $C$DW$22, DW_AT_low_pc(0x00)
     308                      .dwattr $C$DW$22, DW_AT_name("_get_KI")
     309                      .dwattr $C$DW$22, DW_AT_TI_call
     310 00000098 7640!         LCR       #_get_KI              ; [CPU_] |62| 
         00000099 0000 
     311                      ; call occurs [#_get_KI] ; [] |62| 
     312 0000009a 020A          MOVB      ACC,#10               ; [CPU_] |62| 
     313 0000009b 0742          ADDL      ACC,*-SP[2]           ; [CPU_] |62| 
     314 0000009c 8AA9          MOVL      XAR4,ACC              ; [CPU_] |62| 
     315 0000009d E203          MOV32     *+XAR4[0],R0H         ; [CPU_] |62| 
         0000009e 00C4 
     316                      .dwpsn  file "../Source/App/steering_control.c",line 63,column 2,is_stmt,isa 0
     317 0000009f 020C          MOVB      ACC,#12               ; [CPU_] |63| 
     318 000000a0 0742          ADDL      ACC,*-SP[2]           ; [CPU_] |63| 
     319 000000a1 8AA9          MOVL      XAR4,ACC              ; [CPU_] |63| 
     320 000000a2 E801          MOVIZ     R0H,#14749            ; [CPU_] |63| 
         000000a3 CCE8 
     321 000000a4 E80A          MOVXI     R0H,#18770            ; [CPU_] |63| 
         000000a5 4A90 
     322 000000a6 E203          MOV32     *+XAR4[0],R0H         ; [CPU_] |63| 
         000000a7 00C4 
     323                      .dwpsn  file "../Source/App/steering_control.c",line 64,column 2,is_stmt,isa 0
     324 000000a8 0210          MOVB      ACC,#16               ; [CPU_] |64| 
     325 000000a9 0742          ADDL      ACC,*-SP[2]           ; [CPU_] |64| 
     326 000000aa 8AA9          MOVL      XAR4,ACC              ; [CPU_] |64| 
     327 000000ab E590          ZERO      R0H                   ; [CPU_] |64| 
     328 000000ac E203          MOV32     *+XAR4[0],R0H         ; [CPU_] |64| 
         000000ad 00C4 
     329                      .dwpsn  file "../Source/App/steering_control.c",line 65,column 2,is_stmt,isa 0
TMS320C2000 Assembler PC v6.4.2 Thu Dec 14 15:27:15 2017

Tools Copyright (c) 1996-2015 Texas Instruments Incorporated
steering_control.asm                                                 PAGE    8

     330 000000ae 0212          MOVB      ACC,#18               ; [CPU_] |65| 
     331 000000af 0742          ADDL      ACC,*-SP[2]           ; [CPU_] |65| 
     332 000000b0 8AA9          MOVL      XAR4,ACC              ; [CPU_] |65| 
     333 000000b1 E203          MOV32     *+XAR4[0],R0H         ; [CPU_] |65| 
         000000b2 00C4 
     334                      .dwpsn  file "../Source/App/steering_control.c",line 66,column 1,is_stmt,isa 0
     335 000000b3 FE84          SUBB      SP,#4                 ; [CPU_U] 
     336                      .dwcfi  cfa_offset, -2
     337              $C$DW$23        .dwtag  DW_TAG_TI_branch
     338                      .dwattr $C$DW$23, DW_AT_low_pc(0x00)
     339                      .dwattr $C$DW$23, DW_AT_TI_return
     340 000000b4 0006          LRETR     ; [CPU_] 
     341                      ; return occurs ; [] 
     342                      .dwattr $C$DW$15, DW_AT_TI_end_file("../Source/App/steering_control.c")
     343                      .dwattr $C$DW$15, DW_AT_TI_end_line(0x42)
     344                      .dwattr $C$DW$15, DW_AT_TI_end_column(0x01)
     345                      .dwendentry
     346                      .dwendtag $C$DW$15
     347              
     348              ;**************************************************************
     349              ;* UNDEFINED EXTERNAL REFERENCES                              *
     350              ;**************************************************************
     351                      .global _get_potentiometer_zero
     352                      .global _get_left_wheel_factor
     353                      .global _get_KI
     354                      .global _get_right_wheel_factor
     355                      .global _get_KP
     356              
     357              ;***************************************************************
     358              ;* TYPE INFORMATION                                            *
     359              ;***************************************************************
     360              
     361              $C$DW$T$21      .dwtag  DW_TAG_structure_type
     362                      .dwattr $C$DW$T$21, DW_AT_byte_size(0x18)
     363              $C$DW$24        .dwtag  DW_TAG_member
     364                      .dwattr $C$DW$24, DW_AT_type(*$C$DW$T$19)
     365                      .dwattr $C$DW$24, DW_AT_name("speed_ref")
     366                      .dwattr $C$DW$24, DW_AT_TI_symbol_name("_speed_ref")
     367                      .dwattr $C$DW$24, DW_AT_data_member_location[DW_OP_plus_uconst 0x0]
     368                      .dwattr $C$DW$24, DW_AT_accessibility(DW_ACCESS_public)
     369              $C$DW$25        .dwtag  DW_TAG_member
     370                      .dwattr $C$DW$25, DW_AT_type(*$C$DW$T$19)
     371                      .dwattr $C$DW$25, DW_AT_name("angle_ref")
     372                      .dwattr $C$DW$25, DW_AT_TI_symbol_name("_angle_ref")
     373                      .dwattr $C$DW$25, DW_AT_data_member_location[DW_OP_plus_uconst 0x2]
     374                      .dwattr $C$DW$25, DW_AT_accessibility(DW_ACCESS_public)
     375              $C$DW$26        .dwtag  DW_TAG_member
     376                      .dwattr $C$DW$26, DW_AT_type(*$C$DW$T$20)
     377                      .dwattr $C$DW$26, DW_AT_name("steering_feedback")
     378                      .dwattr $C$DW$26, DW_AT_TI_symbol_name("_steering_feedback")
     379                      .dwattr $C$DW$26, DW_AT_data_member_location[DW_OP_plus_uconst 0x4]
     380                      .dwattr $C$DW$26, DW_AT_accessibility(DW_ACCESS_public)
     381              $C$DW$27        .dwtag  DW_TAG_member
     382                      .dwattr $C$DW$27, DW_AT_type(*$C$DW$T$19)
     383                      .dwattr $C$DW$27, DW_AT_name("speed_scaling_ms_to_mot")
TMS320C2000 Assembler PC v6.4.2 Thu Dec 14 15:27:15 2017

Tools Copyright (c) 1996-2015 Texas Instruments Incorporated
steering_control.asm                                                 PAGE    9

     384                      .dwattr $C$DW$27, DW_AT_TI_symbol_name("_speed_scaling_ms_to_mot")
     385                      .dwattr $C$DW$27, DW_AT_data_member_location[DW_OP_plus_uconst 0x6]
     386                      .dwattr $C$DW$27, DW_AT_accessibility(DW_ACCESS_public)
     387              $C$DW$28        .dwtag  DW_TAG_member
     388                      .dwattr $C$DW$28, DW_AT_type(*$C$DW$T$19)
     389                      .dwattr $C$DW$28, DW_AT_name("kp")
     390                      .dwattr $C$DW$28, DW_AT_TI_symbol_name("_kp")
     391                      .dwattr $C$DW$28, DW_AT_data_member_location[DW_OP_plus_uconst 0x8]
     392                      .dwattr $C$DW$28, DW_AT_accessibility(DW_ACCESS_public)
     393              $C$DW$29        .dwtag  DW_TAG_member
     394                      .dwattr $C$DW$29, DW_AT_type(*$C$DW$T$19)
     395                      .dwattr $C$DW$29, DW_AT_name("ki")
     396                      .dwattr $C$DW$29, DW_AT_TI_symbol_name("_ki")
     397                      .dwattr $C$DW$29, DW_AT_data_member_location[DW_OP_plus_uconst 0xa]
     398                      .dwattr $C$DW$29, DW_AT_accessibility(DW_ACCESS_public)
     399              $C$DW$30        .dwtag  DW_TAG_member
     400                      .dwattr $C$DW$30, DW_AT_type(*$C$DW$T$19)
     401                      .dwattr $C$DW$30, DW_AT_name("dt")
     402                      .dwattr $C$DW$30, DW_AT_TI_symbol_name("_dt")
     403                      .dwattr $C$DW$30, DW_AT_data_member_location[DW_OP_plus_uconst 0xc]
     404                      .dwattr $C$DW$30, DW_AT_accessibility(DW_ACCESS_public)
     405              $C$DW$31        .dwtag  DW_TAG_member
     406                      .dwattr $C$DW$31, DW_AT_type(*$C$DW$T$20)
     407                      .dwattr $C$DW$31, DW_AT_name("steering_loop_count")
     408                      .dwattr $C$DW$31, DW_AT_TI_symbol_name("_steering_loop_count")
     409                      .dwattr $C$DW$31, DW_AT_data_member_location[DW_OP_plus_uconst 0xe]
     410                      .dwattr $C$DW$31, DW_AT_accessibility(DW_ACCESS_public)
     411              $C$DW$32        .dwtag  DW_TAG_member
     412                      .dwattr $C$DW$32, DW_AT_type(*$C$DW$T$19)
     413                      .dwattr $C$DW$32, DW_AT_name("motor_speed_1")
     414                      .dwattr $C$DW$32, DW_AT_TI_symbol_name("_motor_speed_1")
     415                      .dwattr $C$DW$32, DW_AT_data_member_location[DW_OP_plus_uconst 0x10]
     416                      .dwattr $C$DW$32, DW_AT_accessibility(DW_ACCESS_public)
     417              $C$DW$33        .dwtag  DW_TAG_member
     418                      .dwattr $C$DW$33, DW_AT_type(*$C$DW$T$19)
     419                      .dwattr $C$DW$33, DW_AT_name("motor_speed_2")
     420                      .dwattr $C$DW$33, DW_AT_TI_symbol_name("_motor_speed_2")
     421                      .dwattr $C$DW$33, DW_AT_data_member_location[DW_OP_plus_uconst 0x12]
     422                      .dwattr $C$DW$33, DW_AT_accessibility(DW_ACCESS_public)
     423              $C$DW$34        .dwtag  DW_TAG_member
     424                      .dwattr $C$DW$34, DW_AT_type(*$C$DW$T$19)
     425                      .dwattr $C$DW$34, DW_AT_name("scale_1")
     426                      .dwattr $C$DW$34, DW_AT_TI_symbol_name("_scale_1")
     427                      .dwattr $C$DW$34, DW_AT_data_member_location[DW_OP_plus_uconst 0x14]
     428                      .dwattr $C$DW$34, DW_AT_accessibility(DW_ACCESS_public)
     429              $C$DW$35        .dwtag  DW_TAG_member
     430                      .dwattr $C$DW$35, DW_AT_type(*$C$DW$T$19)
     431                      .dwattr $C$DW$35, DW_AT_name("scale_2")
     432                      .dwattr $C$DW$35, DW_AT_TI_symbol_name("_scale_2")
     433                      .dwattr $C$DW$35, DW_AT_data_member_location[DW_OP_plus_uconst 0x16]
     434                      .dwattr $C$DW$35, DW_AT_accessibility(DW_ACCESS_public)
     435                      .dwendtag $C$DW$T$21
     436              
     437              $C$DW$T$22      .dwtag  DW_TAG_typedef, DW_AT_name("steering_control_t")
     438                      .dwattr $C$DW$T$22, DW_AT_type(*$C$DW$T$21)
TMS320C2000 Assembler PC v6.4.2 Thu Dec 14 15:27:15 2017

Tools Copyright (c) 1996-2015 Texas Instruments Incorporated
steering_control.asm                                                 PAGE   10

     439                      .dwattr $C$DW$T$22, DW_AT_language(DW_LANG_C)
     440              $C$DW$T$23      .dwtag  DW_TAG_pointer_type
     441                      .dwattr $C$DW$T$23, DW_AT_type(*$C$DW$T$22)
     442                      .dwattr $C$DW$T$23, DW_AT_address_class(0x20)
     443              $C$DW$T$2       .dwtag  DW_TAG_unspecified_type
     444                      .dwattr $C$DW$T$2, DW_AT_name("void")
     445              $C$DW$T$4       .dwtag  DW_TAG_base_type
     446                      .dwattr $C$DW$T$4, DW_AT_encoding(DW_ATE_boolean)
     447                      .dwattr $C$DW$T$4, DW_AT_name("bool")
     448                      .dwattr $C$DW$T$4, DW_AT_byte_size(0x01)
     449              $C$DW$T$5       .dwtag  DW_TAG_base_type
     450                      .dwattr $C$DW$T$5, DW_AT_encoding(DW_ATE_signed_char)
     451                      .dwattr $C$DW$T$5, DW_AT_name("signed char")
     452                      .dwattr $C$DW$T$5, DW_AT_byte_size(0x01)
     453              $C$DW$T$6       .dwtag  DW_TAG_base_type
     454                      .dwattr $C$DW$T$6, DW_AT_encoding(DW_ATE_unsigned_char)
     455                      .dwattr $C$DW$T$6, DW_AT_name("unsigned char")
     456                      .dwattr $C$DW$T$6, DW_AT_byte_size(0x01)
     457              $C$DW$T$7       .dwtag  DW_TAG_base_type
     458                      .dwattr $C$DW$T$7, DW_AT_encoding(DW_ATE_signed_char)
     459                      .dwattr $C$DW$T$7, DW_AT_name("wchar_t")
     460                      .dwattr $C$DW$T$7, DW_AT_byte_size(0x01)
     461              $C$DW$T$8       .dwtag  DW_TAG_base_type
     462                      .dwattr $C$DW$T$8, DW_AT_encoding(DW_ATE_signed)
     463                      .dwattr $C$DW$T$8, DW_AT_name("short")
     464                      .dwattr $C$DW$T$8, DW_AT_byte_size(0x01)
     465              $C$DW$T$9       .dwtag  DW_TAG_base_type
     466                      .dwattr $C$DW$T$9, DW_AT_encoding(DW_ATE_unsigned)
     467                      .dwattr $C$DW$T$9, DW_AT_name("unsigned short")
     468                      .dwattr $C$DW$T$9, DW_AT_byte_size(0x01)
     469              $C$DW$T$10      .dwtag  DW_TAG_base_type
     470                      .dwattr $C$DW$T$10, DW_AT_encoding(DW_ATE_signed)
     471                      .dwattr $C$DW$T$10, DW_AT_name("int")
     472                      .dwattr $C$DW$T$10, DW_AT_byte_size(0x01)
     473              $C$DW$T$11      .dwtag  DW_TAG_base_type
     474                      .dwattr $C$DW$T$11, DW_AT_encoding(DW_ATE_unsigned)
     475                      .dwattr $C$DW$T$11, DW_AT_name("unsigned int")
     476                      .dwattr $C$DW$T$11, DW_AT_byte_size(0x01)
     477              $C$DW$T$26      .dwtag  DW_TAG_typedef, DW_AT_name("uint16_t")
     478                      .dwattr $C$DW$T$26, DW_AT_type(*$C$DW$T$11)
     479                      .dwattr $C$DW$T$26, DW_AT_language(DW_LANG_C)
     480              $C$DW$T$12      .dwtag  DW_TAG_base_type
     481                      .dwattr $C$DW$T$12, DW_AT_encoding(DW_ATE_signed)
     482                      .dwattr $C$DW$T$12, DW_AT_name("long")
     483                      .dwattr $C$DW$T$12, DW_AT_byte_size(0x02)
     484              $C$DW$T$13      .dwtag  DW_TAG_base_type
     485                      .dwattr $C$DW$T$13, DW_AT_encoding(DW_ATE_unsigned)
     486                      .dwattr $C$DW$T$13, DW_AT_name("unsigned long")
     487                      .dwattr $C$DW$T$13, DW_AT_byte_size(0x02)
     488              $C$DW$T$20      .dwtag  DW_TAG_typedef, DW_AT_name("Uint32")
     489                      .dwattr $C$DW$T$20, DW_AT_type(*$C$DW$T$13)
     490                      .dwattr $C$DW$T$20, DW_AT_language(DW_LANG_C)
     491              $C$DW$T$14      .dwtag  DW_TAG_base_type
     492                      .dwattr $C$DW$T$14, DW_AT_encoding(DW_ATE_signed)
     493                      .dwattr $C$DW$T$14, DW_AT_name("long long")
TMS320C2000 Assembler PC v6.4.2 Thu Dec 14 15:27:15 2017

Tools Copyright (c) 1996-2015 Texas Instruments Incorporated
steering_control.asm                                                 PAGE   11

     494                      .dwattr $C$DW$T$14, DW_AT_byte_size(0x04)
     495              $C$DW$T$15      .dwtag  DW_TAG_base_type
     496                      .dwattr $C$DW$T$15, DW_AT_encoding(DW_ATE_unsigned)
     497                      .dwattr $C$DW$T$15, DW_AT_name("unsigned long long")
     498                      .dwattr $C$DW$T$15, DW_AT_byte_size(0x04)
     499              $C$DW$T$16      .dwtag  DW_TAG_base_type
     500                      .dwattr $C$DW$T$16, DW_AT_encoding(DW_ATE_float)
     501                      .dwattr $C$DW$T$16, DW_AT_name("float")
     502                      .dwattr $C$DW$T$16, DW_AT_byte_size(0x02)
     503              $C$DW$T$19      .dwtag  DW_TAG_typedef, DW_AT_name("float32")
     504                      .dwattr $C$DW$T$19, DW_AT_type(*$C$DW$T$16)
     505                      .dwattr $C$DW$T$19, DW_AT_language(DW_LANG_C)
     506              $C$DW$T$17      .dwtag  DW_TAG_base_type
     507                      .dwattr $C$DW$T$17, DW_AT_encoding(DW_ATE_float)
     508                      .dwattr $C$DW$T$17, DW_AT_name("double")
     509                      .dwattr $C$DW$T$17, DW_AT_byte_size(0x02)
     510              $C$DW$T$18      .dwtag  DW_TAG_base_type
     511                      .dwattr $C$DW$T$18, DW_AT_encoding(DW_ATE_float)
     512                      .dwattr $C$DW$T$18, DW_AT_name("long double")
     513                      .dwattr $C$DW$T$18, DW_AT_byte_size(0x04)
     514                      .dwattr $C$DW$CU, DW_AT_language(DW_LANG_C)
     515              
     516              ;***************************************************************
     517              ;* DWARF CIE ENTRIES                                           *
     518              ;***************************************************************
     519              
     520              $C$DW$CIE       .dwcie 26
     521                      .dwcfi  cfa_register, 20
     522                      .dwcfi  cfa_offset, 0
     523                      .dwcfi  undefined, 0
     524                      .dwcfi  undefined, 1
     525                      .dwcfi  undefined, 2
     526                      .dwcfi  undefined, 3
     527                      .dwcfi  undefined, 20
     528                      .dwcfi  undefined, 21
     529                      .dwcfi  undefined, 22
     530                      .dwcfi  undefined, 23
     531                      .dwcfi  undefined, 24
     532                      .dwcfi  undefined, 25
     533                      .dwcfi  undefined, 26
     534                      .dwcfi  same_value, 28
     535                      .dwcfi  undefined, 29
     536                      .dwcfi  undefined, 30
     537                      .dwcfi  undefined, 31
     538                      .dwcfi  undefined, 32
     539                      .dwcfi  undefined, 33
     540                      .dwcfi  undefined, 34
     541                      .dwcfi  undefined, 35
     542                      .dwcfi  undefined, 36
     543                      .dwcfi  undefined, 37
     544                      .dwcfi  undefined, 38
     545                      .dwcfi  undefined, 75
     546                      .dwcfi  undefined, 76
     547                      .dwcfi  undefined, 77
     548                      .dwcfi  undefined, 4
TMS320C2000 Assembler PC v6.4.2 Thu Dec 14 15:27:15 2017

Tools Copyright (c) 1996-2015 Texas Instruments Incorporated
steering_control.asm                                                 PAGE   12

     549                      .dwcfi  undefined, 5
     550                      .dwcfi  same_value, 6
     551                      .dwcfi  same_value, 7
     552                      .dwcfi  same_value, 8
     553                      .dwcfi  same_value, 9
     554                      .dwcfi  same_value, 10
     555                      .dwcfi  same_value, 11
     556                      .dwcfi  undefined, 12
     557                      .dwcfi  undefined, 13
     558                      .dwcfi  undefined, 14
     559                      .dwcfi  undefined, 15
     560                      .dwcfi  undefined, 16
     561                      .dwcfi  undefined, 17
     562                      .dwcfi  undefined, 18
     563                      .dwcfi  undefined, 19
     564                      .dwcfi  undefined, 43
     565                      .dwcfi  undefined, 44
     566                      .dwcfi  undefined, 47
     567                      .dwcfi  undefined, 48
     568                      .dwcfi  undefined, 51
     569                      .dwcfi  undefined, 52
     570                      .dwcfi  undefined, 55
     571                      .dwcfi  undefined, 56
     572                      .dwcfi  same_value, 59
     573                      .dwcfi  same_value, 60
     574                      .dwcfi  same_value, 63
     575                      .dwcfi  same_value, 64
     576                      .dwcfi  same_value, 67
     577                      .dwcfi  same_value, 68
     578                      .dwcfi  same_value, 71
     579                      .dwcfi  same_value, 72
     580                      .dwcfi  undefined, 73
     581                      .dwcfi  undefined, 74
     582                      .dwcfi  undefined, 39
     583                      .dwcfi  undefined, 40
     584                      .dwcfi  undefined, 27
     585                      .dwendentry
     586              
     587              ;***************************************************************
     588              ;* DWARF REGISTER MAP                                          *
     589              ;***************************************************************
     590              
     591              $C$DW$36        .dwtag  DW_TAG_TI_assign_register, DW_AT_name("AL")
     592                      .dwattr $C$DW$36, DW_AT_location[DW_OP_reg0]
     593              $C$DW$37        .dwtag  DW_TAG_TI_assign_register, DW_AT_name("AH")
     594                      .dwattr $C$DW$37, DW_AT_location[DW_OP_reg1]
     595              $C$DW$38        .dwtag  DW_TAG_TI_assign_register, DW_AT_name("PL")
     596                      .dwattr $C$DW$38, DW_AT_location[DW_OP_reg2]
     597              $C$DW$39        .dwtag  DW_TAG_TI_assign_register, DW_AT_name("PH")
     598                      .dwattr $C$DW$39, DW_AT_location[DW_OP_reg3]
     599              $C$DW$40        .dwtag  DW_TAG_TI_assign_register, DW_AT_name("SP")
     600                      .dwattr $C$DW$40, DW_AT_location[DW_OP_reg20]
     601              $C$DW$41        .dwtag  DW_TAG_TI_assign_register, DW_AT_name("XT")
     602                      .dwattr $C$DW$41, DW_AT_location[DW_OP_reg21]
     603              $C$DW$42        .dwtag  DW_TAG_TI_assign_register, DW_AT_name("T")
TMS320C2000 Assembler PC v6.4.2 Thu Dec 14 15:27:15 2017

Tools Copyright (c) 1996-2015 Texas Instruments Incorporated
steering_control.asm                                                 PAGE   13

     604                      .dwattr $C$DW$42, DW_AT_location[DW_OP_reg22]
     605              $C$DW$43        .dwtag  DW_TAG_TI_assign_register, DW_AT_name("ST0")
     606                      .dwattr $C$DW$43, DW_AT_location[DW_OP_reg23]
     607              $C$DW$44        .dwtag  DW_TAG_TI_assign_register, DW_AT_name("ST1")
     608                      .dwattr $C$DW$44, DW_AT_location[DW_OP_reg24]
     609              $C$DW$45        .dwtag  DW_TAG_TI_assign_register, DW_AT_name("PC")
     610                      .dwattr $C$DW$45, DW_AT_location[DW_OP_reg25]
     611              $C$DW$46        .dwtag  DW_TAG_TI_assign_register, DW_AT_name("RPC")
     612                      .dwattr $C$DW$46, DW_AT_location[DW_OP_reg26]
     613              $C$DW$47        .dwtag  DW_TAG_TI_assign_register, DW_AT_name("FP")
     614                      .dwattr $C$DW$47, DW_AT_location[DW_OP_reg28]
     615              $C$DW$48        .dwtag  DW_TAG_TI_assign_register, DW_AT_name("DP")
     616                      .dwattr $C$DW$48, DW_AT_location[DW_OP_reg29]
     617              $C$DW$49        .dwtag  DW_TAG_TI_assign_register, DW_AT_name("SXM")
     618                      .dwattr $C$DW$49, DW_AT_location[DW_OP_reg30]
     619              $C$DW$50        .dwtag  DW_TAG_TI_assign_register, DW_AT_name("PM")
     620                      .dwattr $C$DW$50, DW_AT_location[DW_OP_reg31]
     621              $C$DW$51        .dwtag  DW_TAG_TI_assign_register, DW_AT_name("OVM")
     622                      .dwattr $C$DW$51, DW_AT_location[DW_OP_regx 0x20]
     623              $C$DW$52        .dwtag  DW_TAG_TI_assign_register, DW_AT_name("PAGE0")
     624                      .dwattr $C$DW$52, DW_AT_location[DW_OP_regx 0x21]
     625              $C$DW$53        .dwtag  DW_TAG_TI_assign_register, DW_AT_name("AMODE")
     626                      .dwattr $C$DW$53, DW_AT_location[DW_OP_regx 0x22]
     627              $C$DW$54        .dwtag  DW_TAG_TI_assign_register, DW_AT_name("INTM")
     628                      .dwattr $C$DW$54, DW_AT_location[DW_OP_regx 0x23]
     629              $C$DW$55        .dwtag  DW_TAG_TI_assign_register, DW_AT_name("IFR")
     630                      .dwattr $C$DW$55, DW_AT_location[DW_OP_regx 0x24]
     631              $C$DW$56        .dwtag  DW_TAG_TI_assign_register, DW_AT_name("IER")
     632                      .dwattr $C$DW$56, DW_AT_location[DW_OP_regx 0x25]
     633              $C$DW$57        .dwtag  DW_TAG_TI_assign_register, DW_AT_name("V")
     634                      .dwattr $C$DW$57, DW_AT_location[DW_OP_regx 0x26]
     635              $C$DW$58        .dwtag  DW_TAG_TI_assign_register, DW_AT_name("PSEUDOH")
     636                      .dwattr $C$DW$58, DW_AT_location[DW_OP_regx 0x4c]
     637              $C$DW$59        .dwtag  DW_TAG_TI_assign_register, DW_AT_name("VOL")
     638                      .dwattr $C$DW$59, DW_AT_location[DW_OP_regx 0x4d]
     639              $C$DW$60        .dwtag  DW_TAG_TI_assign_register, DW_AT_name("AR0")
     640                      .dwattr $C$DW$60, DW_AT_location[DW_OP_reg4]
     641              $C$DW$61        .dwtag  DW_TAG_TI_assign_register, DW_AT_name("XAR0")
     642                      .dwattr $C$DW$61, DW_AT_location[DW_OP_reg5]
     643              $C$DW$62        .dwtag  DW_TAG_TI_assign_register, DW_AT_name("AR1")
     644                      .dwattr $C$DW$62, DW_AT_location[DW_OP_reg6]
     645              $C$DW$63        .dwtag  DW_TAG_TI_assign_register, DW_AT_name("XAR1")
     646                      .dwattr $C$DW$63, DW_AT_location[DW_OP_reg7]
     647              $C$DW$64        .dwtag  DW_TAG_TI_assign_register, DW_AT_name("AR2")
     648                      .dwattr $C$DW$64, DW_AT_location[DW_OP_reg8]
     649              $C$DW$65        .dwtag  DW_TAG_TI_assign_register, DW_AT_name("XAR2")
     650                      .dwattr $C$DW$65, DW_AT_location[DW_OP_reg9]
     651              $C$DW$66        .dwtag  DW_TAG_TI_assign_register, DW_AT_name("AR3")
     652                      .dwattr $C$DW$66, DW_AT_location[DW_OP_reg10]
     653              $C$DW$67        .dwtag  DW_TAG_TI_assign_register, DW_AT_name("XAR3")
     654                      .dwattr $C$DW$67, DW_AT_location[DW_OP_reg11]
     655              $C$DW$68        .dwtag  DW_TAG_TI_assign_register, DW_AT_name("AR4")
     656                      .dwattr $C$DW$68, DW_AT_location[DW_OP_reg12]
     657              $C$DW$69        .dwtag  DW_TAG_TI_assign_register, DW_AT_name("XAR4")
     658                      .dwattr $C$DW$69, DW_AT_location[DW_OP_reg13]
TMS320C2000 Assembler PC v6.4.2 Thu Dec 14 15:27:15 2017

Tools Copyright (c) 1996-2015 Texas Instruments Incorporated
steering_control.asm                                                 PAGE   14

     659              $C$DW$70        .dwtag  DW_TAG_TI_assign_register, DW_AT_name("AR5")
     660                      .dwattr $C$DW$70, DW_AT_location[DW_OP_reg14]
     661              $C$DW$71        .dwtag  DW_TAG_TI_assign_register, DW_AT_name("XAR5")
     662                      .dwattr $C$DW$71, DW_AT_location[DW_OP_reg15]
     663              $C$DW$72        .dwtag  DW_TAG_TI_assign_register, DW_AT_name("AR6")
     664                      .dwattr $C$DW$72, DW_AT_location[DW_OP_reg16]
     665              $C$DW$73        .dwtag  DW_TAG_TI_assign_register, DW_AT_name("XAR6")
     666                      .dwattr $C$DW$73, DW_AT_location[DW_OP_reg17]
     667              $C$DW$74        .dwtag  DW_TAG_TI_assign_register, DW_AT_name("AR7")
     668                      .dwattr $C$DW$74, DW_AT_location[DW_OP_reg18]
     669              $C$DW$75        .dwtag  DW_TAG_TI_assign_register, DW_AT_name("XAR7")
     670                      .dwattr $C$DW$75, DW_AT_location[DW_OP_reg19]
     671              $C$DW$76        .dwtag  DW_TAG_TI_assign_register, DW_AT_name("R0HL")
     672                      .dwattr $C$DW$76, DW_AT_location[DW_OP_regx 0x2b]
     673              $C$DW$77        .dwtag  DW_TAG_TI_assign_register, DW_AT_name("R0H")
     674                      .dwattr $C$DW$77, DW_AT_location[DW_OP_regx 0x2c]
     675              $C$DW$78        .dwtag  DW_TAG_TI_assign_register, DW_AT_name("R1HL")
     676                      .dwattr $C$DW$78, DW_AT_location[DW_OP_regx 0x2f]
     677              $C$DW$79        .dwtag  DW_TAG_TI_assign_register, DW_AT_name("R1H")
     678                      .dwattr $C$DW$79, DW_AT_location[DW_OP_regx 0x30]
     679              $C$DW$80        .dwtag  DW_TAG_TI_assign_register, DW_AT_name("R2HL")
     680                      .dwattr $C$DW$80, DW_AT_location[DW_OP_regx 0x33]
     681              $C$DW$81        .dwtag  DW_TAG_TI_assign_register, DW_AT_name("R2H")
     682                      .dwattr $C$DW$81, DW_AT_location[DW_OP_regx 0x34]
     683              $C$DW$82        .dwtag  DW_TAG_TI_assign_register, DW_AT_name("R3HL")
     684                      .dwattr $C$DW$82, DW_AT_location[DW_OP_regx 0x37]
     685              $C$DW$83        .dwtag  DW_TAG_TI_assign_register, DW_AT_name("R3H")
     686                      .dwattr $C$DW$83, DW_AT_location[DW_OP_regx 0x38]
     687              $C$DW$84        .dwtag  DW_TAG_TI_assign_register, DW_AT_name("R4HL")
     688                      .dwattr $C$DW$84, DW_AT_location[DW_OP_regx 0x3b]
     689              $C$DW$85        .dwtag  DW_TAG_TI_assign_register, DW_AT_name("R4H")
     690                      .dwattr $C$DW$85, DW_AT_location[DW_OP_regx 0x3c]
     691              $C$DW$86        .dwtag  DW_TAG_TI_assign_register, DW_AT_name("R5HL")
     692                      .dwattr $C$DW$86, DW_AT_location[DW_OP_regx 0x3f]
     693              $C$DW$87        .dwtag  DW_TAG_TI_assign_register, DW_AT_name("R5H")
     694                      .dwattr $C$DW$87, DW_AT_location[DW_OP_regx 0x40]
     695              $C$DW$88        .dwtag  DW_TAG_TI_assign_register, DW_AT_name("R6HL")
     696                      .dwattr $C$DW$88, DW_AT_location[DW_OP_regx 0x43]
     697              $C$DW$89        .dwtag  DW_TAG_TI_assign_register, DW_AT_name("R6H")
     698                      .dwattr $C$DW$89, DW_AT_location[DW_OP_regx 0x44]
     699              $C$DW$90        .dwtag  DW_TAG_TI_assign_register, DW_AT_name("R7HL")
     700                      .dwattr $C$DW$90, DW_AT_location[DW_OP_regx 0x47]
     701              $C$DW$91        .dwtag  DW_TAG_TI_assign_register, DW_AT_name("R7H")
     702                      .dwattr $C$DW$91, DW_AT_location[DW_OP_regx 0x48]
     703              $C$DW$92        .dwtag  DW_TAG_TI_assign_register, DW_AT_name("RBL")
     704                      .dwattr $C$DW$92, DW_AT_location[DW_OP_regx 0x49]
     705              $C$DW$93        .dwtag  DW_TAG_TI_assign_register, DW_AT_name("RB")
     706                      .dwattr $C$DW$93, DW_AT_location[DW_OP_regx 0x4a]
     707              $C$DW$94        .dwtag  DW_TAG_TI_assign_register, DW_AT_name("STFL")
     708                      .dwattr $C$DW$94, DW_AT_location[DW_OP_regx 0x27]
     709              $C$DW$95        .dwtag  DW_TAG_TI_assign_register, DW_AT_name("STF")
     710                      .dwattr $C$DW$95, DW_AT_location[DW_OP_regx 0x28]
     711              $C$DW$96        .dwtag  DW_TAG_TI_assign_register, DW_AT_name("FPUHAZ")
     712                      .dwattr $C$DW$96, DW_AT_location[DW_OP_reg27]
     713                      .dwendtag $C$DW$CU
TMS320C2000 Assembler PC v6.4.2 Thu Dec 14 15:27:15 2017

Tools Copyright (c) 1996-2015 Texas Instruments Incorporated
steering_control.asm                                                 PAGE   15

     714              

No Assembly Errors, No Assembly Warnings
